<?xml version="1.0" encoding="utf-8"?>
<TestRun id="d9ac9f25-0b8b-40c0-97de-979a9e87efd8" name="mes@SMV-DPDPC004 2026-07-30 11:58:19" runUser="SMV-DPDPC004\mes" xmlns="http://microsoft.com/schemas/VisualStudio/TeamTest/2010">
  <Times creation="2026-07-30T11:58:19.9204140+07:00" queuing="2026-07-30T11:58:19.9204142+07:00" start="2026-07-30T11:58:16.9540732+07:00" finish="2026-07-30T11:58:20.1630906+07:00" />
  <TestSettings name="default" id="35bc7820-e524-4600-a1be-9826aee48521">
    <Deployment runDeploymentRoot="mes_SMV-DPDPC004_2026-07-30_11_58_19" />
  </TestSettings>
  <Results>
    <UnitTestResult executionId="e4e39f1d-cff3-46ad-a50a-93748024189b" testId="f361a088-ea8f-a2bf-dd9f-ff3824446f62" testName="Nexustock.MasterData.IntegrationTests.FilesAttachmentContentTests.Bind_AllSixEntityTypes_ShouldSucceed(entityType: &quot;PRODUCT&quot;)" computerName="SMV-DPDPC004" duration="00:00:00.0479698" startTime="2026-07-30T11:58:19.6984134+07:00" endTime="2026-07-30T11:58:19.6984135+07:00" testType="13cdc9d9-ddb5-4fa4-a97d-d965ccfc6d4b" outcome="Passed" testListId="8c84fa94-04c1-424b-9868-57a2d4851a1d" relativeResultsDirectory="e4e39f1d-cff3-46ad-a50a-93748024189b" />
    <UnitTestResult executionId="d19529e4-fa73-4f6f-8626-b2537979b60a" testId="0dd9b3b2-1c17-83ed-5940-787044809ccd" testName="Nexustock.MasterData.IntegrationTests.FilesAttachmentContentTests.GetContent_InvalidDisposition_Returns400" computerName="SMV-DPDPC004" duration="00:00:00.0057377" startTime="2026-07-30T11:58:19.9267452+07:00" endTime="2026-07-30T11:58:19.9267453+07:00" testType="13cdc9d9-ddb5-4fa4-a97d-d965ccfc6d4b" outcome="Passed" testListId="8c84fa94-04c1-424b-9868-57a2d4851a1d" relativeResultsDirectory="d19529e4-fa73-4f6f-8626-b2537979b60a" />
    <UnitTestResult executionId="98752cd7-36d9-46ce-8d43-9d35e0fb7227" testId="522b8ef3-a27e-3bbe-242a-c85519cd5b58" testName="Nexustock.MasterData.IntegrationTests.FilesAttachmentContentTests.GetContent_ValidImage_ReturnsInlineAndSecurityHeaders" computerName="SMV-DPDPC004" duration="00:00:00.0069566" startTime="2026-07-30T11:58:19.9462578+07:00" endTime="2026-07-30T11:58:19.9462578+07:00" testType="13cdc9d9-ddb5-4fa4-a97d-d965ccfc6d4b" outcome="Passed" testListId="8c84fa94-04c1-424b-9868-57a2d4851a1d" relativeResultsDirectory="98752cd7-36d9-46ce-8d43-9d35e0fb7227" />
    <UnitTestResult executionId="e34a03db-5a04-4242-ae38-3d4ce2f5866d" testId="fdb94e1a-7cb0-8f7a-9e17-fc71e83c7d94" testName="Nexustock.MasterData.IntegrationTests.FilesAttachmentContentTests.GetContent_ProviderFailure_Returns503" computerName="SMV-DPDPC004" duration="00:00:00.0159138" startTime="2026-07-30T11:58:19.9207115+07:00" endTime="2026-07-30T11:58:19.9207116+07:00" testType="13cdc9d9-ddb5-4fa4-a97d-d965ccfc6d4b" outcome="Passed" testListId="8c84fa94-04c1-424b-9868-57a2d4851a1d" relativeResultsDirectory="e34a03db-5a04-4242-ae38-3d4ce2f5866d" />
    <UnitTestResult executionId="14a3e2e9-c604-4e4a-8895-99d742296944" testId="d49bcd76-b061-5e36-b081-ea6eff10a83a" testName="Nexustock.MasterData.IntegrationTests.QcAttachmentCompatibilityTests.QcReadService_NoFallbackToLegacyRefs_WhenHasSoftDeletedRows" computerName="SMV-DPDPC004" duration="00:00:00.0072996" startTime="2026-07-30T11:58:19.9953607+07:00" endTime="2026-07-30T11:58:19.9953608+07:00" testType="13cdc9d9-ddb5-4fa4-a97d-d965ccfc6d4b" outcome="Passed" testListId="8c84fa94-04c1-424b-9868-57a2d4851a1d" relativeResultsDirectory="14a3e2e9-c604-4e4a-8895-99d742296944" />
    <UnitTestResult executionId="640ae711-212f-430b-b25f-b631ca376ddb" testId="c9fa98b0-fe37-d61e-6c22-9bb2866062e9" testName="Nexustock.MasterData.IntegrationTests.FilesAttachmentContentTests.Bind_AllSixEntityTypes_ShouldSucceed(entityType: &quot;SHIPMENT&quot;)" computerName="SMV-DPDPC004" duration="00:00:00.0422538" startTime="2026-07-30T11:58:19.8978290+07:00" endTime="2026-07-30T11:58:19.8978291+07:00" testType="13cdc9d9-ddb5-4fa4-a97d-d965ccfc6d4b" outcome="Passed" testListId="8c84fa94-04c1-424b-9868-57a2d4851a1d" relativeResultsDirectory="640ae711-212f-430b-b25f-b631ca376ddb" />
    <UnitTestResult executionId="1ac1e246-25a7-4023-8c2d-61f4d7225087" testId="bf9a5769-3a64-8226-1fc6-73bef577145c" testName="Nexustock.MasterData.IntegrationTests.FilesAttachmentContentTests.Bind_AllSixEntityTypes_ShouldSucceed(entityType: &quot;STOCKTAKE&quot;)" computerName="SMV-DPDPC004" duration="00:00:00.0482696" startTime="2026-07-30T11:58:19.8552737+07:00" endTime="2026-07-30T11:58:19.8552738+07:00" testType="13cdc9d9-ddb5-4fa4-a97d-d965ccfc6d4b" outcome="Passed" testListId="8c84fa94-04c1-424b-9868-57a2d4851a1d" relativeResultsDirectory="1ac1e246-25a7-4023-8c2d-61f4d7225087" />
    <UnitTestResult executionId="3a2727c3-c10f-4471-be50-7e395c7943cf" testId="06121e66-ca57-6e15-65eb-08ca621951f1" testName="Nexustock.MasterData.IntegrationTests.PendingUploadLifecycleTests.PendingUpload_Bound_NotPurged" computerName="SMV-DPDPC004" duration="00:00:00.0111906" startTime="2026-07-30T11:58:20.0067516+07:00" endTime="2026-07-30T11:58:20.0067517+07:00" testType="13cdc9d9-ddb5-4fa4-a97d-d965ccfc6d4b" outcome="Passed" testListId="8c84fa94-04c1-424b-9868-57a2d4851a1d" relativeResultsDirectory="3a2727c3-c10f-4471-be50-7e395c7943cf" />
    <UnitTestResult executionId="45249619-d88a-4093-bbad-b7d09c536b26" testId="296e46da-251c-a72e-ac3e-87390cd2574b" testName="Nexustock.MasterData.IntegrationTests.FilesAttachmentContentTests.GetContent_HeaderInjectionSafe_SanitizesFileName" computerName="SMV-DPDPC004" duration="00:00:00.0064721" startTime="2026-07-30T11:58:19.9334703+07:00" endTime="2026-07-30T11:58:19.9334704+07:00" testType="13cdc9d9-ddb5-4fa4-a97d-d965ccfc6d4b" outcome="Passed" testListId="8c84fa94-04c1-424b-9868-57a2d4851a1d" relativeResultsDirectory="45249619-d88a-4093-bbad-b7d09c536b26" />
    <UnitTestResult executionId="c21fe078-a3c0-4009-89c9-b9ff9b8bc87e" testId="33cea468-5134-fa26-0059-a74a40124392" testName="Nexustock.MasterData.IntegrationTests.FilesAttachmentContentTests.GetContent_NoPermission_Returns403" computerName="SMV-DPDPC004" duration="00:00:00.0053102" startTime="2026-07-30T11:58:19.9390714+07:00" endTime="2026-07-30T11:58:19.9390714+07:00" testType="13cdc9d9-ddb5-4fa4-a97d-d965ccfc6d4b" outcome="Passed" testListId="8c84fa94-04c1-424b-9868-57a2d4851a1d" relativeResultsDirectory="c21fe078-a3c0-4009-89c9-b9ff9b8bc87e" />
    <UnitTestResult executionId="2dca006b-67db-4e90-9833-143530984ddd" testId="1088100e-7fb3-3eae-8ad9-8945c79eb0f0" testName="Nexustock.MasterData.IntegrationTests.PendingUploadLifecycleTests.PendingUpload_CleanedAfterExpiry_OrphanPurged" computerName="SMV-DPDPC004" duration="00:00:00.0102783" startTime="2026-07-30T11:58:20.0280340+07:00" endTime="2026-07-30T11:58:20.0280341+07:00" testType="13cdc9d9-ddb5-4fa4-a97d-d965ccfc6d4b" outcome="Passed" testListId="8c84fa94-04c1-424b-9868-57a2d4851a1d" relativeResultsDirectory="2dca006b-67db-4e90-9833-143530984ddd" />
    <UnitTestResult executionId="e0d3d2dd-3423-41c3-be56-44e996b70a5c" testId="d3c31331-b403-32ac-013b-f6ff8cf060d9" testName="Nexustock.MasterData.IntegrationTests.FilesAttachmentContentTests.GetContent_MissingOrDeleted_Returns404" computerName="SMV-DPDPC004" duration="00:00:02.0349287" startTime="2026-07-30T11:58:19.4040885+07:00" endTime="2026-07-30T11:58:19.4041215+07:00" testType="13cdc9d9-ddb5-4fa4-a97d-d965ccfc6d4b" outcome="Passed" testListId="8c84fa94-04c1-424b-9868-57a2d4851a1d" relativeResultsDirectory="e0d3d2dd-3423-41c3-be56-44e996b70a5c" />
    <UnitTestResult executionId="e0a938dd-6495-41af-a053-6419d9a643bf" testId="fd8f4067-c37c-fa05-681c-ea8bf86c0687" testName="Nexustock.MasterData.IntegrationTests.FilesAttachmentContentTests.GetContent_CsvInline_ForcesAttachmentMode" computerName="SMV-DPDPC004" duration="00:00:00.0064053" startTime="2026-07-30T11:58:19.9044874+07:00" endTime="2026-07-30T11:58:19.9044875+07:00" testType="13cdc9d9-ddb5-4fa4-a97d-d965ccfc6d4b" outcome="Passed" testListId="8c84fa94-04c1-424b-9868-57a2d4851a1d" relativeResultsDirectory="e0a938dd-6495-41af-a053-6419d9a643bf" />
    <UnitTestResult executionId="38dddfce-38c5-4725-8c08-1dd35ae3f2c3" testId="7318a560-01b1-da87-03f3-c5d99f7cf172" testName="Nexustock.MasterData.IntegrationTests.QcAttachmentCompatibilityTests.QcReadService_FallbackToLegacyRefs_WhenNoActiveRows" computerName="SMV-DPDPC004" duration="00:00:00.0234044" startTime="2026-07-30T11:58:19.9838597+07:00" endTime="2026-07-30T11:58:19.9838599+07:00" testType="13cdc9d9-ddb5-4fa4-a97d-d965ccfc6d4b" outcome="Passed" testListId="8c84fa94-04c1-424b-9868-57a2d4851a1d" relativeResultsDirectory="38dddfce-38c5-4725-8c08-1dd35ae3f2c3" />
    <UnitTestResult executionId="19415d0d-1684-4710-84c8-6c9feb5c5f84" testId="28f17b84-f717-a750-b6ed-4f06d51d479c" testName="Nexustock.MasterData.IntegrationTests.FilesAttachmentContentTests.Bind_AllSixEntityTypes_ShouldSucceed(entityType: &quot;INBOUND_ORDER&quot;)" computerName="SMV-DPDPC004" duration="00:00:00.2153943" startTime="2026-07-30T11:58:19.6501489+07:00" endTime="2026-07-30T11:58:19.6501490+07:00" testType="13cdc9d9-ddb5-4fa4-a97d-d965ccfc6d4b" outcome="Passed" testListId="8c84fa94-04c1-424b-9868-57a2d4851a1d" relativeResultsDirectory="19415d0d-1684-4710-84c8-6c9feb5c5f84" />
    <UnitTestResult executionId="20ca8ad6-255a-4999-9382-1ac585e9e24d" testId="5ec459ba-f5a5-2f09-c7fd-ec2628075829" testName="Nexustock.MasterData.IntegrationTests.QcAttachmentCompatibilityTests.QcAttachment_OnDeleted_UpdatesAttachmentRefsSnapshot" computerName="SMV-DPDPC004" duration="00:00:00.0102007" startTime="2026-07-30T11:58:19.9603819+07:00" endTime="2026-07-30T11:58:19.9603820+07:00" testType="13cdc9d9-ddb5-4fa4-a97d-d965ccfc6d4b" outcome="Passed" testListId="8c84fa94-04c1-424b-9868-57a2d4851a1d" relativeResultsDirectory="20ca8ad6-255a-4999-9382-1ac585e9e24d" />
    <UnitTestResult executionId="90de0fc3-51e3-4f5b-9467-30cce708458b" testId="94781a22-526f-51ee-4927-692b1b43f52c" testName="Nexustock.MasterData.IntegrationTests.PendingUploadLifecycleTests.PendingUpload_BindBatch_PartialSuccessAndRetry" computerName="SMV-DPDPC004" duration="00:00:00.0108732" startTime="2026-07-30T11:58:20.0176915+07:00" endTime="2026-07-30T11:58:20.0176917+07:00" testType="13cdc9d9-ddb5-4fa4-a97d-d965ccfc6d4b" outcome="Passed" testListId="8c84fa94-04c1-424b-9868-57a2d4851a1d" relativeResultsDirectory="90de0fc3-51e3-4f5b-9467-30cce708458b" />
    <UnitTestResult executionId="731c0f90-b787-4494-9ff4-c70ef06dbf11" testId="1485f74f-61eb-51cb-01dd-6c4a753aa45d" testName="Nexustock.MasterData.IntegrationTests.FilesAttachmentContentTests.Bind_AllSixEntityTypes_ShouldSucceed(entityType: &quot;QC_RESULT&quot;)" computerName="SMV-DPDPC004" duration="00:00:00.0477076" startTime="2026-07-30T11:58:19.8067258+07:00" endTime="2026-07-30T11:58:19.8067259+07:00" testType="13cdc9d9-ddb5-4fa4-a97d-d965ccfc6d4b" outcome="Passed" testListId="8c84fa94-04c1-424b-9868-57a2d4851a1d" relativeResultsDirectory="731c0f90-b787-4494-9ff4-c70ef06dbf11" />
    <UnitTestResult executionId="afdcc448-9d79-4b02-b675-bb26cf714c50" testId="9ecb80d0-6789-960a-388d-5cbb895d7127" testName="Nexustock.MasterData.IntegrationTests.FilesAttachmentContentTests.Bind_AllSixEntityTypes_ShouldSucceed(entityType: &quot;RMA_REQUEST&quot;)" computerName="SMV-DPDPC004" duration="00:00:00.0600292" startTime="2026-07-30T11:58:19.7587174+07:00" endTime="2026-07-30T11:58:19.7587175+07:00" testType="13cdc9d9-ddb5-4fa4-a97d-d965ccfc6d4b" outcome="Passed" testListId="8c84fa94-04c1-424b-9868-57a2d4851a1d" relativeResultsDirectory="afdcc448-9d79-4b02-b675-bb26cf714c50" />
    <UnitTestResult executionId="225839e5-8ea1-4fde-8b5d-6dd250b3c6bc" testId="ab28a668-3a5a-f663-3078-4f461570da7c" testName="Nexustock.MasterData.IntegrationTests.FilesAttachmentContentTests.GetContent_CrossTenant_Returns404" computerName="SMV-DPDPC004" duration="00:00:00.0290453" startTime="2026-07-30T11:58:19.4344290+07:00" endTime="2026-07-30T11:58:19.4344291+07:00" testType="13cdc9d9-ddb5-4fa4-a97d-d965ccfc6d4b" outcome="Passed" testListId="8c84fa94-04c1-424b-9868-57a2d4851a1d" relativeResultsDirectory="225839e5-8ea1-4fde-8b5d-6dd250b3c6bc" />
    <UnitTestResult executionId="892f6033-e4bf-4fb5-85c6-d5be20c8319b" testId="ce61f178-7393-f5e8-ce4a-fc9f05aa7e82" testName="Nexustock.MasterData.IntegrationTests.QcAttachmentCompatibilityTests.QcAttachment_OnBound_UpdatesAttachmentRefsSnapshot" computerName="SMV-DPDPC004" duration="00:00:00.0040866" startTime="2026-07-30T11:58:19.9880069+07:00" endTime="2026-07-30T11:58:19.9880070+07:00" testType="13cdc9d9-ddb5-4fa4-a97d-d965ccfc6d4b" outcome="Passed" testListId="8c84fa94-04c1-424b-9868-57a2d4851a1d" relativeResultsDirectory="892f6033-e4bf-4fb5-85c6-d5be20c8319b" />
  </Results>
  <TestDefinitions>
    <UnitTest name="Nexustock.MasterData.IntegrationTests.QcAttachmentCompatibilityTests.QcAttachment_OnDeleted_UpdatesAttachmentRefsSnapshot" storage="d:\1_project\48_nexustock\tests\nexustock.masterdata.integrationtests\bin\release\net8.0\nexustock.masterdata.integrationtests.dll" id="5ec459ba-f5a5-2f09-c7fd-ec2628075829">
      <Execution id="20ca8ad6-255a-4999-9382-1ac585e9e24d" />
      <TestMethod codeBase="D:\1_Project\48_Nexustock\tests\Nexustock.MasterData.IntegrationTests\bin\Release\net8.0\Nexustock.MasterData.IntegrationTests.dll" adapterTypeName="executor://xunit/VsTestRunner2/netcoreapp" className="Nexustock.MasterData.IntegrationTests.QcAttachmentCompatibilityTests" name="QcAttachment_OnDeleted_UpdatesAttachmentRefsSnapshot" />
    </UnitTest>
    <UnitTest name="Nexustock.MasterData.IntegrationTests.FilesAttachmentContentTests.Bind_AllSixEntityTypes_ShouldSucceed(entityType: &quot;PRODUCT&quot;)" storage="d:\1_project\48_nexustock\tests\nexustock.masterdata.integrationtests\bin\release\net8.0\nexustock.masterdata.integrationtests.dll" id="f361a088-ea8f-a2bf-dd9f-ff3824446f62">
      <Execution id="e4e39f1d-cff3-46ad-a50a-93748024189b" />
      <TestMethod codeBase="D:\1_Project\48_Nexustock\tests\Nexustock.MasterData.IntegrationTests\bin\Release\net8.0\Nexustock.MasterData.IntegrationTests.dll" adapterTypeName="executor://xunit/VsTestRunner2/netcoreapp" className="Nexustock.MasterData.IntegrationTests.FilesAttachmentContentTests" name="Bind_AllSixEntityTypes_ShouldSucceed" />
    </UnitTest>
    <UnitTest name="Nexustock.MasterData.IntegrationTests.PendingUploadLifecycleTests.PendingUpload_BindBatch_PartialSuccessAndRetry" storage="d:\1_project\48_nexustock\tests\nexustock.masterdata.integrationtests\bin\release\net8.0\nexustock.masterdata.integrationtests.dll" id="94781a22-526f-51ee-4927-692b1b43f52c">
      <Execution id="90de0fc3-51e3-4f5b-9467-30cce708458b" />
      <TestMethod codeBase="D:\1_Project\48_Nexustock\tests\Nexustock.MasterData.IntegrationTests\bin\Release\net8.0\Nexustock.MasterData.IntegrationTests.dll" adapterTypeName="executor://xunit/VsTestRunner2/netcoreapp" className="Nexustock.MasterData.IntegrationTests.PendingUploadLifecycleTests" name="PendingUpload_BindBatch_PartialSuccessAndRetry" />
    </UnitTest>
    <UnitTest name="Nexustock.MasterData.IntegrationTests.FilesAttachmentContentTests.Bind_AllSixEntityTypes_ShouldSucceed(entityType: &quot;QC_RESULT&quot;)" storage="d:\1_project\48_nexustock\tests\nexustock.masterdata.integrationtests\bin\release\net8.0\nexustock.masterdata.integrationtests.dll" id="1485f74f-61eb-51cb-01dd-6c4a753aa45d">
      <Execution id="731c0f90-b787-4494-9ff4-c70ef06dbf11" />
      <TestMethod codeBase="D:\1_Project\48_Nexustock\tests\Nexustock.MasterData.IntegrationTests\bin\Release\net8.0\Nexustock.MasterData.IntegrationTests.dll" adapterTypeName="executor://xunit/VsTestRunner2/netcoreapp" className="Nexustock.MasterData.IntegrationTests.FilesAttachmentContentTests" name="Bind_AllSixEntityTypes_ShouldSucceed" />
    </UnitTest>
    <UnitTest name="Nexustock.MasterData.IntegrationTests.FilesAttachmentContentTests.Bind_AllSixEntityTypes_ShouldSucceed(entityType: &quot;RMA_REQUEST&quot;)" storage="d:\1_project\48_nexustock\tests\nexustock.masterdata.integrationtests\bin\release\net8.0\nexustock.masterdata.integrationtests.dll" id="9ecb80d0-6789-960a-388d-5cbb895d7127">
      <Execution id="afdcc448-9d79-4b02-b675-bb26cf714c50" />
      <TestMethod codeBase="D:\1_Project\48_Nexustock\tests\Nexustock.MasterData.IntegrationTests\bin\Release\net8.0\Nexustock.MasterData.IntegrationTests.dll" adapterTypeName="executor://xunit/VsTestRunner2/netcoreapp" className="Nexustock.MasterData.IntegrationTests.FilesAttachmentContentTests" name="Bind_AllSixEntityTypes_ShouldSucceed" />
    </UnitTest>
    <UnitTest name="Nexustock.MasterData.IntegrationTests.FilesAttachmentContentTests.Bind_AllSixEntityTypes_ShouldSucceed(entityType: &quot;INBOUND_ORDER&quot;)" storage="d:\1_project\48_nexustock\tests\nexustock.masterdata.integrationtests\bin\release\net8.0\nexustock.masterdata.integrationtests.dll" id="28f17b84-f717-a750-b6ed-4f06d51d479c">
      <Execution id="19415d0d-1684-4710-84c8-6c9feb5c5f84" />
      <TestMethod codeBase="D:\1_Project\48_Nexustock\tests\Nexustock.MasterData.IntegrationTests\bin\Release\net8.0\Nexustock.MasterData.IntegrationTests.dll" adapterTypeName="executor://xunit/VsTestRunner2/netcoreapp" className="Nexustock.MasterData.IntegrationTests.FilesAttachmentContentTests" name="Bind_AllSixEntityTypes_ShouldSucceed" />
    </UnitTest>
    <UnitTest name="Nexustock.MasterData.IntegrationTests.FilesAttachmentContentTests.GetContent_HeaderInjectionSafe_SanitizesFileName" storage="d:\1_project\48_nexustock\tests\nexustock.masterdata.integrationtests\bin\release\net8.0\nexustock.masterdata.integrationtests.dll" id="296e46da-251c-a72e-ac3e-87390cd2574b">
      <Execution id="45249619-d88a-4093-bbad-b7d09c536b26" />
      <TestMethod codeBase="D:\1_Project\48_Nexustock\tests\Nexustock.MasterData.IntegrationTests\bin\Release\net8.0\Nexustock.MasterData.IntegrationTests.dll" adapterTypeName="executor://xunit/VsTestRunner2/netcoreapp" className="Nexustock.MasterData.IntegrationTests.FilesAttachmentContentTests" name="GetContent_HeaderInjectionSafe_SanitizesFileName" />
    </UnitTest>
    <UnitTest name="Nexustock.MasterData.IntegrationTests.FilesAttachmentContentTests.GetContent_InvalidDisposition_Returns400" storage="d:\1_project\48_nexustock\tests\nexustock.masterdata.integrationtests\bin\release\net8.0\nexustock.masterdata.integrationtests.dll" id="0dd9b3b2-1c17-83ed-5940-787044809ccd">
      <Execution id="d19529e4-fa73-4f6f-8626-b2537979b60a" />
      <TestMethod codeBase="D:\1_Project\48_Nexustock\tests\Nexustock.MasterData.IntegrationTests\bin\Release\net8.0\Nexustock.MasterData.IntegrationTests.dll" adapterTypeName="executor://xunit/VsTestRunner2/netcoreapp" className="Nexustock.MasterData.IntegrationTests.FilesAttachmentContentTests" name="GetContent_InvalidDisposition_Returns400" />
    </UnitTest>
    <UnitTest name="Nexustock.MasterData.IntegrationTests.QcAttachmentCompatibilityTests.QcReadService_NoFallbackToLegacyRefs_WhenHasSoftDeletedRows" storage="d:\1_project\48_nexustock\tests\nexustock.masterdata.integrationtests\bin\release\net8.0\nexustock.masterdata.integrationtests.dll" id="d49bcd76-b061-5e36-b081-ea6eff10a83a">
      <Execution id="14a3e2e9-c604-4e4a-8895-99d742296944" />
      <TestMethod codeBase="D:\1_Project\48_Nexustock\tests\Nexustock.MasterData.IntegrationTests\bin\Release\net8.0\Nexustock.MasterData.IntegrationTests.dll" adapterTypeName="executor://xunit/VsTestRunner2/netcoreapp" className="Nexustock.MasterData.IntegrationTests.QcAttachmentCompatibilityTests" name="QcReadService_NoFallbackToLegacyRefs_WhenHasSoftDeletedRows" />
    </UnitTest>
    <UnitTest name="Nexustock.MasterData.IntegrationTests.FilesAttachmentContentTests.Bind_AllSixEntityTypes_ShouldSucceed(entityType: &quot;SHIPMENT&quot;)" storage="d:\1_project\48_nexustock\tests\nexustock.masterdata.integrationtests\bin\release\net8.0\nexustock.masterdata.integrationtests.dll" id="c9fa98b0-fe37-d61e-6c22-9bb2866062e9">
      <Execution id="640ae711-212f-430b-b25f-b631ca376ddb" />
      <TestMethod codeBase="D:\1_Project\48_Nexustock\tests\Nexustock.MasterData.IntegrationTests\bin\Release\net8.0\Nexustock.MasterData.IntegrationTests.dll" adapterTypeName="executor://xunit/VsTestRunner2/netcoreapp" className="Nexustock.MasterData.IntegrationTests.FilesAttachmentContentTests" name="Bind_AllSixEntityTypes_ShouldSucceed" />
    </UnitTest>
    <UnitTest name="Nexustock.MasterData.IntegrationTests.FilesAttachmentContentTests.GetContent_CrossTenant_Returns404" storage="d:\1_project\48_nexustock\tests\nexustock.masterdata.integrationtests\bin\release\net8.0\nexustock.masterdata.integrationtests.dll" id="ab28a668-3a5a-f663-3078-4f461570da7c">
      <Execution id="225839e5-8ea1-4fde-8b5d-6dd250b3c6bc" />
      <TestMethod codeBase="D:\1_Project\48_Nexustock\tests\Nexustock.MasterData.IntegrationTests\bin\Release\net8.0\Nexustock.MasterData.IntegrationTests.dll" adapterTypeName="executor://xunit/VsTestRunner2/netcoreapp" className="Nexustock.MasterData.IntegrationTests.FilesAttachmentContentTests" name="GetContent_CrossTenant_Returns404" />
    </UnitTest>
    <UnitTest name="Nexustock.MasterData.IntegrationTests.PendingUploadLifecycleTests.PendingUpload_CleanedAfterExpiry_OrphanPurged" storage="d:\1_project\48_nexustock\tests\nexustock.masterdata.integrationtests\bin\release\net8.0\nexustock.masterdata.integrationtests.dll" id="1088100e-7fb3-3eae-8ad9-8945c79eb0f0">
      <Execution id="2dca006b-67db-4e90-9833-143530984ddd" />
      <TestMethod codeBase="D:\1_Project\48_Nexustock\tests\Nexustock.MasterData.IntegrationTests\bin\Release\net8.0\Nexustock.MasterData.IntegrationTests.dll" adapterTypeName="executor://xunit/VsTestRunner2/netcoreapp" className="Nexustock.MasterData.IntegrationTests.PendingUploadLifecycleTests" name="PendingUpload_CleanedAfterExpiry_OrphanPurged" />
    </UnitTest>
    <UnitTest name="Nexustock.MasterData.IntegrationTests.PendingUploadLifecycleTests.PendingUpload_Bound_NotPurged" storage="d:\1_project\48_nexustock\tests\nexustock.masterdata.integrationtests\bin\release\net8.0\nexustock.masterdata.integrationtests.dll" id="06121e66-ca57-6e15-65eb-08ca621951f1">
      <Execution id="3a2727c3-c10f-4471-be50-7e395c7943cf" />
      <TestMethod codeBase="D:\1_Project\48_Nexustock\tests\Nexustock.MasterData.IntegrationTests\bin\Release\net8.0\Nexustock.MasterData.IntegrationTests.dll" adapterTypeName="executor://xunit/VsTestRunner2/netcoreapp" className="Nexustock.MasterData.IntegrationTests.PendingUploadLifecycleTests" name="PendingUpload_Bound_NotPurged" />
    </UnitTest>
    <UnitTest name="Nexustock.MasterData.IntegrationTests.QcAttachmentCompatibilityTests.QcReadService_FallbackToLegacyRefs_WhenNoActiveRows" storage="d:\1_project\48_nexustock\tests\nexustock.masterdata.integrationtests\bin\release\net8.0\nexustock.masterdata.integrationtests.dll" id="7318a560-01b1-da87-03f3-c5d99f7cf172">
      <Execution id="38dddfce-38c5-4725-8c08-1dd35ae3f2c3" />
      <TestMethod codeBase="D:\1_Project\48_Nexustock\tests\Nexustock.MasterData.IntegrationTests\bin\Release\net8.0\Nexustock.MasterData.IntegrationTests.dll" adapterTypeName="executor://xunit/VsTestRunner2/netcoreapp" className="Nexustock.MasterData.IntegrationTests.QcAttachmentCompatibilityTests" name="QcReadService_FallbackToLegacyRefs_WhenNoActiveRows" />
    </UnitTest>
    <UnitTest name="Nexustock.MasterData.IntegrationTests.FilesAttachmentContentTests.GetContent_MissingOrDeleted_Returns404" storage="d:\1_project\48_nexustock\tests\nexustock.masterdata.integrationtests\bin\release\net8.0\nexustock.masterdata.integrationtests.dll" id="d3c31331-b403-32ac-013b-f6ff8cf060d9">
      <Execution id="e0d3d2dd-3423-41c3-be56-44e996b70a5c" />
      <TestMethod codeBase="D:\1_Project\48_Nexustock\tests\Nexustock.MasterData.IntegrationTests\bin\Release\net8.0\Nexustock.MasterData.IntegrationTests.dll" adapterTypeName="executor://xunit/VsTestRunner2/netcoreapp" className="Nexustock.MasterData.IntegrationTests.FilesAttachmentContentTests" name="GetContent_MissingOrDeleted_Returns404" />
    </UnitTest>
    <UnitTest name="Nexustock.MasterData.IntegrationTests.FilesAttachmentContentTests.GetContent_ValidImage_ReturnsInlineAndSecurityHeaders" storage="d:\1_project\48_nexustock\tests\nexustock.masterdata.integrationtests\bin\release\net8.0\nexustock.masterdata.integrationtests.dll" id="522b8ef3-a27e-3bbe-242a-c85519cd5b58">
      <Execution id="98752cd7-36d9-46ce-8d43-9d35e0fb7227" />
      <TestMethod codeBase="D:\1_Project\48_Nexustock\tests\Nexustock.MasterData.IntegrationTests\bin\Release\net8.0\Nexustock.MasterData.IntegrationTests.dll" adapterTypeName="executor://xunit/VsTestRunner2/netcoreapp" className="Nexustock.MasterData.IntegrationTests.FilesAttachmentContentTests" name="GetContent_ValidImage_ReturnsInlineAndSecurityHeaders" />
    </UnitTest>
    <UnitTest name="Nexustock.MasterData.IntegrationTests.FilesAttachmentContentTests.GetContent_ProviderFailure_Returns503" storage="d:\1_project\48_nexustock\tests\nexustock.masterdata.integrationtests\bin\release\net8.0\nexustock.masterdata.integrationtests.dll" id="fdb94e1a-7cb0-8f7a-9e17-fc71e83c7d94">
      <Execution id="e34a03db-5a04-4242-ae38-3d4ce2f5866d" />
      <TestMethod codeBase="D:\1_Project\48_Nexustock\tests\Nexustock.MasterData.IntegrationTests\bin\Release\net8.0\Nexustock.MasterData.IntegrationTests.dll" adapterTypeName="executor://xunit/VsTestRunner2/netcoreapp" className="Nexustock.MasterData.IntegrationTests.FilesAttachmentContentTests" name="GetContent_ProviderFailure_Returns503" />
    </UnitTest>
    <UnitTest name="Nexustock.MasterData.IntegrationTests.FilesAttachmentContentTests.GetContent_CsvInline_ForcesAttachmentMode" storage="d:\1_project\48_nexustock\tests\nexustock.masterdata.integrationtests\bin\release\net8.0\nexustock.masterdata.integrationtests.dll" id="fd8f4067-c37c-fa05-681c-ea8bf86c0687">
      <Execution id="e0a938dd-6495-41af-a053-6419d9a643bf" />
      <TestMethod codeBase="D:\1_Project\48_Nexustock\tests\Nexustock.MasterData.IntegrationTests\bin\Release\net8.0\Nexustock.MasterData.IntegrationTests.dll" adapterTypeName="executor://xunit/VsTestRunner2/netcoreapp" className="Nexustock.MasterData.IntegrationTests.FilesAttachmentContentTests" name="GetContent_CsvInline_ForcesAttachmentMode" />
    </UnitTest>
    <UnitTest name="Nexustock.MasterData.IntegrationTests.QcAttachmentCompatibilityTests.QcAttachment_OnBound_UpdatesAttachmentRefsSnapshot" storage="d:\1_project\48_nexustock\tests\nexustock.masterdata.integrationtests\bin\release\net8.0\nexustock.masterdata.integrationtests.dll" id="ce61f178-7393-f5e8-ce4a-fc9f05aa7e82">
      <Execution id="892f6033-e4bf-4fb5-85c6-d5be20c8319b" />
      <TestMethod codeBase="D:\1_Project\48_Nexustock\tests\Nexustock.MasterData.IntegrationTests\bin\Release\net8.0\Nexustock.MasterData.IntegrationTests.dll" adapterTypeName="executor://xunit/VsTestRunner2/netcoreapp" className="Nexustock.MasterData.IntegrationTests.QcAttachmentCompatibilityTests" name="QcAttachment_OnBound_UpdatesAttachmentRefsSnapshot" />
    </UnitTest>
    <UnitTest name="Nexustock.MasterData.IntegrationTests.FilesAttachmentContentTests.GetContent_NoPermission_Returns403" storage="d:\1_project\48_nexustock\tests\nexustock.masterdata.integrationtests\bin\release\net8.0\nexustock.masterdata.integrationtests.dll" id="33cea468-5134-fa26-0059-a74a40124392">
      <Execution id="c21fe078-a3c0-4009-89c9-b9ff9b8bc87e" />
      <TestMethod codeBase="D:\1_Project\48_Nexustock\tests\Nexustock.MasterData.IntegrationTests\bin\Release\net8.0\Nexustock.MasterData.IntegrationTests.dll" adapterTypeName="executor://xunit/VsTestRunner2/netcoreapp" className="Nexustock.MasterData.IntegrationTests.FilesAttachmentContentTests" name="GetContent_NoPermission_Returns403" />
    </UnitTest>
    <UnitTest name="Nexustock.MasterData.IntegrationTests.FilesAttachmentContentTests.Bind_AllSixEntityTypes_ShouldSucceed(entityType: &quot;STOCKTAKE&quot;)" storage="d:\1_project\48_nexustock\tests\nexustock.masterdata.integrationtests\bin\release\net8.0\nexustock.masterdata.integrationtests.dll" id="bf9a5769-3a64-8226-1fc6-73bef577145c">
      <Execution id="1ac1e246-25a7-4023-8c2d-61f4d7225087" />
      <TestMethod codeBase="D:\1_Project\48_Nexustock\tests\Nexustock.MasterData.IntegrationTests\bin\Release\net8.0\Nexustock.MasterData.IntegrationTests.dll" adapterTypeName="executor://xunit/VsTestRunner2/netcoreapp" className="Nexustock.MasterData.IntegrationTests.FilesAttachmentContentTests" name="Bind_AllSixEntityTypes_ShouldSucceed" />
    </UnitTest>
  </TestDefinitions>
  <TestEntries>
    <TestEntry testId="f361a088-ea8f-a2bf-dd9f-ff3824446f62" executionId="e4e39f1d-cff3-46ad-a50a-93748024189b" testListId="8c84fa94-04c1-424b-9868-57a2d4851a1d" />
    <TestEntry testId="0dd9b3b2-1c17-83ed-5940-787044809ccd" executionId="d19529e4-fa73-4f6f-8626-b2537979b60a" testListId="8c84fa94-04c1-424b-9868-57a2d4851a1d" />
    <TestEntry testId="522b8ef3-a27e-3bbe-242a-c85519cd5b58" executionId="98752cd7-36d9-46ce-8d43-9d35e0fb7227" testListId="8c84fa94-04c1-424b-9868-57a2d4851a1d" />
    <TestEntry testId="fdb94e1a-7cb0-8f7a-9e17-fc71e83c7d94" executionId="e34a03db-5a04-4242-ae38-3d4ce2f5866d" testListId="8c84fa94-04c1-424b-9868-57a2d4851a1d" />
    <TestEntry testId="d49bcd76-b061-5e36-b081-ea6eff10a83a" executionId="14a3e2e9-c604-4e4a-8895-99d742296944" testListId="8c84fa94-04c1-424b-9868-57a2d4851a1d" />
    <TestEntry testId="c9fa98b0-fe37-d61e-6c22-9bb2866062e9" executionId="640ae711-212f-430b-b25f-b631ca376ddb" testListId="8c84fa94-04c1-424b-9868-57a2d4851a1d" />
    <TestEntry testId="bf9a5769-3a64-8226-1fc6-73bef577145c" executionId="1ac1e246-25a7-4023-8c2d-61f4d7225087" testListId="8c84fa94-04c1-424b-9868-57a2d4851a1d" />
    <TestEntry testId="06121e66-ca57-6e15-65eb-08ca621951f1" executionId="3a2727c3-c10f-4471-be50-7e395c7943cf" testListId="8c84fa94-04c1-424b-9868-57a2d4851a1d" />
    <TestEntry testId="296e46da-251c-a72e-ac3e-87390cd2574b" executionId="45249619-d88a-4093-bbad-b7d09c536b26" testListId="8c84fa94-04c1-424b-9868-57a2d4851a1d" />
    <TestEntry testId="33cea468-5134-fa26-0059-a74a40124392" executionId="c21fe078-a3c0-4009-89c9-b9ff9b8bc87e" testListId="8c84fa94-04c1-424b-9868-57a2d4851a1d" />
    <TestEntry testId="1088100e-7fb3-3eae-8ad9-8945c79eb0f0" executionId="2dca006b-67db-4e90-9833-143530984ddd" testListId="8c84fa94-04c1-424b-9868-57a2d4851a1d" />
    <TestEntry testId="d3c31331-b403-32ac-013b-f6ff8cf060d9" executionId="e0d3d2dd-3423-41c3-be56-44e996b70a5c" testListId="8c84fa94-04c1-424b-9868-57a2d4851a1d" />
    <TestEntry testId="fd8f4067-c37c-fa05-681c-ea8bf86c0687" executionId="e0a938dd-6495-41af-a053-6419d9a643bf" testListId="8c84fa94-04c1-424b-9868-57a2d4851a1d" />
    <TestEntry testId="7318a560-01b1-da87-03f3-c5d99f7cf172" executionId="38dddfce-38c5-4725-8c08-1dd35ae3f2c3" testListId="8c84fa94-04c1-424b-9868-57a2d4851a1d" />
    <TestEntry testId="28f17b84-f717-a750-b6ed-4f06d51d479c" executionId="19415d0d-1684-4710-84c8-6c9feb5c5f84" testListId="8c84fa94-04c1-424b-9868-57a2d4851a1d" />
    <TestEntry testId="5ec459ba-f5a5-2f09-c7fd-ec2628075829" executionId="20ca8ad6-255a-4999-9382-1ac585e9e24d" testListId="8c84fa94-04c1-424b-9868-57a2d4851a1d" />
    <TestEntry testId="94781a22-526f-51ee-4927-692b1b43f52c" executionId="90de0fc3-51e3-4f5b-9467-30cce708458b" testListId="8c84fa94-04c1-424b-9868-57a2d4851a1d" />
    <TestEntry testId="1485f74f-61eb-51cb-01dd-6c4a753aa45d" executionId="731c0f90-b787-4494-9ff4-c70ef06dbf11" testListId="8c84fa94-04c1-424b-9868-57a2d4851a1d" />
    <TestEntry testId="9ecb80d0-6789-960a-388d-5cbb895d7127" executionId="afdcc448-9d79-4b02-b675-bb26cf714c50" testListId="8c84fa94-04c1-424b-9868-57a2d4851a1d" />
    <TestEntry testId="ab28a668-3a5a-f663-3078-4f461570da7c" executionId="225839e5-8ea1-4fde-8b5d-6dd250b3c6bc" testListId="8c84fa94-04c1-424b-9868-57a2d4851a1d" />
    <TestEntry testId="ce61f178-7393-f5e8-ce4a-fc9f05aa7e82" executionId="892f6033-e4bf-4fb5-85c6-d5be20c8319b" testListId="8c84fa94-04c1-424b-9868-57a2d4851a1d" />
  </TestEntries>
  <TestLists>
    <TestList name="Results Not in a List" id="8c84fa94-04c1-424b-9868-57a2d4851a1d" />
    <TestList name="All Loaded Results" id="19431567-8539-422a-85d7-44ee4e166bda" />
  </TestLists>
  <ResultSummary outcome="Completed">
    <Counters total="21" executed="21" passed="21" failed="0" error="0" timeout="0" aborted="0" inconclusive="0" passedButRunAborted="0" notRunnable="0" notExecuted="0" disconnected="0" warning="0" completed="0" inProgress="0" pending="0" />
    <Output>
      <StdOut>[xUnit.net 00:00:00.00] xUnit.net VSTest Adapter v2.8.2+699d445a1a (64-bit .NET 8.0.21)&#xD;
[xUnit.net 00:00:00.06]   Discovering: Nexustock.MasterData.IntegrationTests&#xD;
[xUnit.net 00:00:00.10]   Discovered:  Nexustock.MasterData.IntegrationTests&#xD;
[xUnit.net 00:00:00.10]   Starting:    Nexustock.MasterData.IntegrationTests&#xD;
[11:58:17 INF] Nexustock API starting...&#xD;
[11:58:17 DBG] Registered model binder providers, in the following order: ["Microsoft.AspNetCore.Mvc.ModelBinding.Binders.BinderTypeModelBinderProvider", "Microsoft.AspNetCore.Mvc.ModelBinding.Binders.ServicesModelBinderProvider", "Microsoft.AspNetCore.Mvc.ModelBinding.Binders.BodyModelBinderProvider", "Microsoft.AspNetCore.Mvc.ModelBinding.Binders.HeaderModelBinderProvider", "Microsoft.AspNetCore.Mvc.ModelBinding.Binders.FloatingPointTypeModelBinderProvider", "Microsoft.AspNetCore.Mvc.ModelBinding.Binders.EnumTypeModelBinderProvider", "Microsoft.AspNetCore.Mvc.ModelBinding.Binders.DateTimeModelBinderProvider", "Microsoft.AspNetCore.Mvc.ModelBinding.Binders.SimpleTypeModelBinderProvider", "Microsoft.AspNetCore.Mvc.ModelBinding.Binders.TryParseModelBinderProvider", "Microsoft.AspNetCore.Mvc.ModelBinding.Binders.CancellationTokenModelBinderProvider", "Microsoft.AspNetCore.Mvc.ModelBinding.Binders.ByteArrayModelBinderProvider", "Microsoft.AspNetCore.Mvc.ModelBinding.Binders.FormFileModelBinderProvider", "Microsoft.AspNetCore.Mvc.ModelBinding.Binders.FormCollectionModelBinderProvider", "Microsoft.AspNetCore.Mvc.ModelBinding.Binders.KeyValuePairModelBinderProvider", "Microsoft.AspNetCore.Mvc.ModelBinding.Binders.DictionaryModelBinderProvider", "Microsoft.AspNetCore.Mvc.ModelBinding.Binders.ArrayModelBinderProvider", "Microsoft.AspNetCore.Mvc.ModelBinding.Binders.CollectionModelBinderProvider", "Microsoft.AspNetCore.Mvc.ModelBinding.Binders.ComplexObjectModelBinderProvider"]&#xD;
[11:58:17 INF] Start installing Hangfire SQL objects...&#xD;
[11:58:17 INF] Hangfire SQL objects installed.&#xD;
[11:58:17 DBG] An 'IServiceProvider' was created for internal use by Entity Framework.&#xD;
[11:58:18 DBG] The index {'UserId'} was not created on entity type 'IdentityUserRole&lt;Guid&gt;' as the properties are already covered by the index {'UserId', 'RoleId'}.&#xD;
[11:58:18 DBG] The index {'UserId'} was not created on entity type 'IdentityUserToken&lt;Guid&gt;' as the properties are already covered by the index {'UserId', 'LoginProvider', 'Name'}.&#xD;
[11:58:18 DBG] The index {'RoleId'} was not created on entity type 'RolePermission' as the properties are already covered by the index {'RoleId', 'PermissionId'}.&#xD;
[11:58:18 DBG] Entity Framework Core 8.0.21 initialized 'IdentityDbContext' using provider 'Microsoft.EntityFrameworkCore.InMemory:8.0.21' with options: StoreName=TestDb_41200c9b-a77b-47a3-9fc7-e5923a89e388 &#xD;
[11:58:18 DBG] Compiling query expression: &#xD;
'DbSet&lt;ApplicationRole&gt;()&#xD;
    .FirstOrDefault(r =&gt; r.NormalizedName == __normalizedName_0)'&#xD;
[11:58:18 DBG] Generated query execution expression: &#xD;
'queryContext =&gt; ShapedQueryCompilingExpressionVisitor.SingleOrDefaultAsync&lt;ApplicationRole&gt;(&#xD;
    asyncEnumerable: new QueryingEnumerable&lt;ApplicationRole&gt;(&#xD;
        queryContext, &#xD;
        new ResultEnumerable(() =&gt; InMemoryShapedQueryCompilingExpressionVisitor.Table(&#xD;
            queryContext: queryContext, &#xD;
            entityType: EntityType: ApplicationRole)&#xD;
            .Where(valueBuffer =&gt; DefaultValueComparer&lt;string&gt;.Equals(&#xD;
                left: ExpressionExtensions.ValueBufferTryReadValue&lt;string&gt;(&#xD;
                    valueBuffer: valueBuffer, &#xD;
                    index: 4, &#xD;
                    property: Property: ApplicationRole.NormalizedName (string) Index MaxLength(256)), &#xD;
                right: InMemoryExpressionTranslatingExpressionVisitor.GetParameterValue&lt;string&gt;(&#xD;
                    queryContext: queryContext, &#xD;
                    parameterName: "__normalizedName_0")))&#xD;
            .Select(valueBuffer =&gt; new ValueBuffer(new object[]&#xD;
            { &#xD;
                (object)ExpressionExtensions.ValueBufferTryReadValue&lt;Guid&gt;(&#xD;
                    valueBuffer: valueBuffer, &#xD;
                    index: 0, &#xD;
                    property: Property: ApplicationRole.Id (Guid) Required PK AfterSave:Throw ValueGenerated.OnAdd), &#xD;
                ExpressionExtensions.ValueBufferTryReadValue&lt;string&gt;(&#xD;
                    valueBuffer: valueBuffer, &#xD;
                    index: 1, &#xD;
                    property: Property: ApplicationRole.ConcurrencyStamp (string) Concurrency), &#xD;
                ExpressionExtensions.ValueBufferTryReadValue&lt;string&gt;(&#xD;
                    valueBuffer: valueBuffer, &#xD;
                    index: 2, &#xD;
                    property: Property: ApplicationRole.Description (string) Required MaxLength(500)), &#xD;
                ExpressionExtensions.ValueBufferTryReadValue&lt;string&gt;(&#xD;
                    valueBuffer: valueBuffer, &#xD;
                    index: 3, &#xD;
                    property: Property: ApplicationRole.Name (string) MaxLength(256)), &#xD;
                ExpressionExtensions.ValueBufferTryReadValue&lt;string&gt;(&#xD;
                    valueBuffer: valueBuffer, &#xD;
                    index: 4, &#xD;
                    property: Property: ApplicationRole.NormalizedName (string) Index MaxLength(256)), &#xD;
                (object)ExpressionExtensions.ValueBufferTryReadValue&lt;Guid&gt;(&#xD;
                    valueBuffer: valueBuffer, &#xD;
                    index: 5, &#xD;
                    property: Property: ApplicationRole.TenantId (Guid) Required) &#xD;
            }))&#xD;
            .FirstOrDefault()), &#xD;
        Func&lt;QueryContext, ValueBuffer, ApplicationRole&gt;, &#xD;
        Nexustock.Modules.Identity.Contexts.IdentityDbContext, &#xD;
        False, &#xD;
        True&#xD;
    ), &#xD;
    cancellationToken: queryContext.CancellationToken)'&#xD;
[11:58:18 DBG] 'IdentityDbContext' generated a value for the property 'ApplicationRole.Id'. Consider using 'DbContextOptionsBuilder.EnableSensitiveDataLogging' to see key values.&#xD;
[11:58:18 DBG] Context 'IdentityDbContext' started tracking 'ApplicationRole' entity. Consider using 'DbContextOptionsBuilder.EnableSensitiveDataLogging' to see key values.&#xD;
[11:58:18 DBG] SaveChanges starting for 'IdentityDbContext'.&#xD;
[11:58:18 DBG] DetectChanges starting for 'IdentityDbContext'.&#xD;
[11:58:18 DBG] DetectChanges completed for 'IdentityDbContext'.&#xD;
[11:58:18 INF] Saved 1 entities to in-memory store.&#xD;
[11:58:18 DBG] An entity of type 'ApplicationRole' tracked by 'IdentityDbContext' changed state from 'Added' to 'Unchanged'. Consider using 'DbContextOptionsBuilder.EnableSensitiveDataLogging' to see key values.&#xD;
[11:58:18 DBG] SaveChanges completed for 'IdentityDbContext' with 1 entities written to the database.&#xD;
[11:58:18 DBG] Compiling query expression: &#xD;
'DbSet&lt;ApplicationUser&gt;()&#xD;
    .SingleOrDefault(u =&gt; u.NormalizedEmail == __normalizedEmail_0)'&#xD;
[11:58:18 DBG] Generated query execution expression: &#xD;
'queryContext =&gt; ShapedQueryCompilingExpressionVisitor.SingleOrDefaultAsync&lt;ApplicationUser&gt;(&#xD;
    asyncEnumerable: new QueryingEnumerable&lt;ApplicationUser&gt;(&#xD;
        queryContext, &#xD;
        new ResultEnumerable(() =&gt; InMemoryShapedQueryCompilingExpressionVisitor.Table(&#xD;
            queryContext: queryContext, &#xD;
            entityType: EntityType: ApplicationUser)&#xD;
            .Where(valueBuffer =&gt; DefaultValueComparer&lt;string&gt;.Equals(&#xD;
                left: ExpressionExtensions.ValueBufferTryReadValue&lt;string&gt;(&#xD;
                    valueBuffer: valueBuffer, &#xD;
                    index: 10, &#xD;
                    property: Property: ApplicationUser.NormalizedEmail (string) Index MaxLength(256)), &#xD;
                right: InMemoryExpressionTranslatingExpressionVisitor.GetParameterValue&lt;string&gt;(&#xD;
                    queryContext: queryContext, &#xD;
                    parameterName: "__normalizedEmail_0")))&#xD;
            .Select(valueBuffer =&gt; new ValueBuffer(new object[]&#xD;
            { &#xD;
                (object)ExpressionExtensions.ValueBufferTryReadValue&lt;Guid&gt;(&#xD;
                    valueBuffer: valueBuffer, &#xD;
                    index: 0, &#xD;
                    property: Property: ApplicationUser.Id (Guid) Required PK AfterSave:Throw ValueGenerated.OnAdd), &#xD;
                (object)ExpressionExtensions.ValueBufferTryReadValue&lt;int&gt;(&#xD;
                    valueBuffer: valueBuffer, &#xD;
                    index: 1, &#xD;
                    property: Property: ApplicationUser.AccessFailedCount (int) Required), &#xD;
                ExpressionExtensions.ValueBufferTryReadValue&lt;string&gt;(&#xD;
                    valueBuffer: valueBuffer, &#xD;
                    index: 2, &#xD;
                    property: Property: ApplicationUser.ConcurrencyStamp (string) Concurrency), &#xD;
                (object)ExpressionExtensions.ValueBufferTryReadValue&lt;DateTime&gt;(&#xD;
                    valueBuffer: valueBuffer, &#xD;
                    index: 3, &#xD;
                    property: Property: ApplicationUser.CreatedAt (DateTime) Required), &#xD;
                ExpressionExtensions.ValueBufferTryReadValue&lt;string&gt;(&#xD;
                    valueBuffer: valueBuffer, &#xD;
                    index: 4, &#xD;
                    property: Property: ApplicationUser.Email (string) MaxLength(256)), &#xD;
                (object)ExpressionExtensions.ValueBufferTryReadValue&lt;bool&gt;(&#xD;
                    valueBuffer: valueBuffer, &#xD;
                    index: 5, &#xD;
                    property: Property: ApplicationUser.EmailConfirmed (bool) Required), &#xD;
                ExpressionExtensions.ValueBufferTryReadValue&lt;string&gt;(&#xD;
                    valueBuffer: valueBuffer, &#xD;
                    index: 6, &#xD;
                    property: Property: ApplicationUser.FullName (string) Required MaxLength(150)), &#xD;
                (object)ExpressionExtensions.ValueBufferTryReadValue&lt;bool&gt;(&#xD;
                    valueBuffer: valueBuffer, &#xD;
                    index: 7, &#xD;
                    property: Property: ApplicationUser.IsActive (bool) Required), &#xD;
                (object)ExpressionExtensions.ValueBufferTryReadValue&lt;bool&gt;(&#xD;
                    valueBuffer: valueBuffer, &#xD;
                    index: 8, &#xD;
                    property: Property: ApplicationUser.LockoutEnabled (bool) Required), &#xD;
                (object)ExpressionExtensions.ValueBufferTryReadValue&lt;DateTimeOffset?&gt;(&#xD;
                    valueBuffer: valueBuffer, &#xD;
                    index: 9, &#xD;
                    property: Property: ApplicationUser.LockoutEnd (DateTimeOffset?)), &#xD;
                ExpressionExtensions.ValueBufferTryReadValue&lt;string&gt;(&#xD;
                    valueBuffer: valueBuffer, &#xD;
                    index: 10, &#xD;
                    property: Property: ApplicationUser.NormalizedEmail (string) Index MaxLength(256)), &#xD;
                ExpressionExtensions.ValueBufferTryReadValue&lt;string&gt;(&#xD;
                    valueBuffer: valueBuffer, &#xD;
                    index: 11, &#xD;
                    property: Property: ApplicationUser.NormalizedUserName (string) Index MaxLength(256)), &#xD;
                ExpressionExtensions.ValueBufferTryReadValue&lt;string&gt;(&#xD;
                    valueBuffer: valueBuffer, &#xD;
                    index: 12, &#xD;
                    property: Property: ApplicationUser.PasswordHash (string)), &#xD;
                ExpressionExtensions.ValueBufferTryReadValue&lt;string&gt;(&#xD;
                    valueBuffer: valueBuffer, &#xD;
                    index: 13, &#xD;
                    property: Property: ApplicationUser.PhoneNumber (string)), &#xD;
                (object)ExpressionExtensions.ValueBufferTryReadValue&lt;bool&gt;(&#xD;
                    valueBuffer: valueBuffer, &#xD;
                    index: 14, &#xD;
                    property: Property: ApplicationUser.PhoneNumberConfirmed (bool) Required), &#xD;
                ExpressionExtensions.ValueBufferTryReadValue&lt;string&gt;(&#xD;
                    valueBuffer: valueBuffer, &#xD;
                    index: 15, &#xD;
                    property: Property: ApplicationUser.SecurityStamp (string)), &#xD;
                (object)ExpressionExtensions.ValueBufferTryReadValue&lt;Guid&gt;(&#xD;
                    valueBuffer: valueBuffer, &#xD;
                    index: 16, &#xD;
                    property: Property: ApplicationUser.TenantId (Guid) Required), &#xD;
                (object)ExpressionExtensions.ValueBufferTryReadValue&lt;bool&gt;(&#xD;
                    valueBuffer: valueBuffer, &#xD;
                    index: 17, &#xD;
                    property: Property: ApplicationUser.TwoFactorEnabled (bool) Required), &#xD;
                ExpressionExtensions.ValueBufferTryReadValue&lt;string&gt;(&#xD;
                    valueBuffer: valueBuffer, &#xD;
                    index: 18, &#xD;
                    property: Property: ApplicationUser.UserName (string) MaxLength(256)) &#xD;
            }))&#xD;
            .SingleOrDefault()), &#xD;
        Func&lt;QueryContext, ValueBuffer, ApplicationUser&gt;, &#xD;
        Nexustock.Modules.Identity.Contexts.IdentityDbContext, &#xD;
        False, &#xD;
        True&#xD;
    ), &#xD;
    cancellationToken: queryContext.CancellationToken)'&#xD;
[11:58:18 DBG] Compiling query expression: &#xD;
'DbSet&lt;ApplicationUser&gt;()&#xD;
    .FirstOrDefault(u =&gt; u.NormalizedUserName == __normalizedUserName_0)'&#xD;
[11:58:18 DBG] Generated query execution expression: &#xD;
'queryContext =&gt; ShapedQueryCompilingExpressionVisitor.SingleOrDefaultAsync&lt;ApplicationUser&gt;(&#xD;
    asyncEnumerable: new QueryingEnumerable&lt;ApplicationUser&gt;(&#xD;
        queryContext, &#xD;
        new ResultEnumerable(() =&gt; InMemoryShapedQueryCompilingExpressionVisitor.Table(&#xD;
            queryContext: queryContext, &#xD;
            entityType: EntityType: ApplicationUser)&#xD;
            .Where(valueBuffer =&gt; DefaultValueComparer&lt;string&gt;.Equals(&#xD;
                left: ExpressionExtensions.ValueBufferTryReadValue&lt;string&gt;(&#xD;
                    valueBuffer: valueBuffer, &#xD;
                    index: 11, &#xD;
                    property: Property: ApplicationUser.NormalizedUserName (string) Index MaxLength(256)), &#xD;
                right: InMemoryExpressionTranslatingExpressionVisitor.GetParameterValue&lt;string&gt;(&#xD;
                    queryContext: queryContext, &#xD;
                    parameterName: "__normalizedUserName_0")))&#xD;
            .Select(valueBuffer =&gt; new ValueBuffer(new object[]&#xD;
            { &#xD;
                (object)ExpressionExtensions.ValueBufferTryReadValue&lt;Guid&gt;(&#xD;
                    valueBuffer: valueBuffer, &#xD;
                    index: 0, &#xD;
                    property: Property: ApplicationUser.Id (Guid) Required PK AfterSave:Throw ValueGenerated.OnAdd), &#xD;
                (object)ExpressionExtensions.ValueBufferTryReadValue&lt;int&gt;(&#xD;
                    valueBuffer: valueBuffer, &#xD;
                    index: 1, &#xD;
                    property: Property: ApplicationUser.AccessFailedCount (int) Required), &#xD;
                ExpressionExtensions.ValueBufferTryReadValue&lt;string&gt;(&#xD;
                    valueBuffer: valueBuffer, &#xD;
                    index: 2, &#xD;
                    property: Property: ApplicationUser.ConcurrencyStamp (string) Concurrency), &#xD;
                (object)ExpressionExtensions.ValueBufferTryReadValue&lt;DateTime&gt;(&#xD;
                    valueBuffer: valueBuffer, &#xD;
                    index: 3, &#xD;
                    property: Property: ApplicationUser.CreatedAt (DateTime) Required), &#xD;
                ExpressionExtensions.ValueBufferTryReadValue&lt;string&gt;(&#xD;
                    valueBuffer: valueBuffer, &#xD;
                    index: 4, &#xD;
                    property: Property: ApplicationUser.Email (string) MaxLength(256)), &#xD;
                (object)ExpressionExtensions.ValueBufferTryReadValue&lt;bool&gt;(&#xD;
                    valueBuffer: valueBuffer, &#xD;
                    index: 5, &#xD;
                    property: Property: ApplicationUser.EmailConfirmed (bool) Required), &#xD;
                ExpressionExtensions.ValueBufferTryReadValue&lt;string&gt;(&#xD;
                    valueBuffer: valueBuffer, &#xD;
                    index: 6, &#xD;
                    property: Property: ApplicationUser.FullName (string) Required MaxLength(150)), &#xD;
                (object)ExpressionExtensions.ValueBufferTryReadValue&lt;bool&gt;(&#xD;
                    valueBuffer: valueBuffer, &#xD;
                    index: 7, &#xD;
                    property: Property: ApplicationUser.IsActive (bool) Required), &#xD;
                (object)ExpressionExtensions.ValueBufferTryReadValue&lt;bool&gt;(&#xD;
                    valueBuffer: valueBuffer, &#xD;
                    index: 8, &#xD;
                    property: Property: ApplicationUser.LockoutEnabled (bool) Required), &#xD;
                (object)ExpressionExtensions.ValueBufferTryReadValue&lt;DateTimeOffset?&gt;(&#xD;
                    valueBuffer: valueBuffer, &#xD;
                    index: 9, &#xD;
                    property: Property: ApplicationUser.LockoutEnd (DateTimeOffset?)), &#xD;
                ExpressionExtensions.ValueBufferTryReadValue&lt;string&gt;(&#xD;
                    valueBuffer: valueBuffer, &#xD;
                    index: 10, &#xD;
                    property: Property: ApplicationUser.NormalizedEmail (string) Index MaxLength(256)), &#xD;
                ExpressionExtensions.ValueBufferTryReadValue&lt;string&gt;(&#xD;
                    valueBuffer: valueBuffer, &#xD;
                    index: 11, &#xD;
                    property: Property: ApplicationUser.NormalizedUserName (string) Index MaxLength(256)), &#xD;
                ExpressionExtensions.ValueBufferTryReadValue&lt;string&gt;(&#xD;
                    valueBuffer: valueBuffer, &#xD;
                    index: 12, &#xD;
                    property: Property: ApplicationUser.PasswordHash (string)), &#xD;
                ExpressionExtensions.ValueBufferTryReadValue&lt;string&gt;(&#xD;
                    valueBuffer: valueBuffer, &#xD;
                    index: 13, &#xD;
                    property: Property: ApplicationUser.PhoneNumber (string)), &#xD;
                (object)ExpressionExtensions.ValueBufferTryReadValue&lt;bool&gt;(&#xD;
                    valueBuffer: valueBuffer, &#xD;
                    index: 14, &#xD;
                    property: Property: ApplicationUser.PhoneNumberConfirmed (bool) Required), &#xD;
                ExpressionExtensions.ValueBufferTryReadValue&lt;string&gt;(&#xD;
                    valueBuffer: valueBuffer, &#xD;
                    index: 15, &#xD;
                    property: Property: ApplicationUser.SecurityStamp (string)), &#xD;
                (object)ExpressionExtensions.ValueBufferTryReadValue&lt;Guid&gt;(&#xD;
                    valueBuffer: valueBuffer, &#xD;
                    index: 16, &#xD;
                    property: Property: ApplicationUser.TenantId (Guid) Required), &#xD;
                (object)ExpressionExtensions.ValueBufferTryReadValue&lt;bool&gt;(&#xD;
                    valueBuffer: valueBuffer, &#xD;
                    index: 17, &#xD;
                    property: Property: ApplicationUser.TwoFactorEnabled (bool) Required), &#xD;
                ExpressionExtensions.ValueBufferTryReadValue&lt;string&gt;(&#xD;
                    valueBuffer: valueBuffer, &#xD;
                    index: 18, &#xD;
                    property: Property: ApplicationUser.UserName (string) MaxLength(256)) &#xD;
            }))&#xD;
            .FirstOrDefault()), &#xD;
        Func&lt;QueryContext, ValueBuffer, ApplicationUser&gt;, &#xD;
        Nexustock.Modules.Identity.Contexts.IdentityDbContext, &#xD;
        False, &#xD;
        True&#xD;
    ), &#xD;
    cancellationToken: queryContext.CancellationToken)'&#xD;
[11:58:18 DBG] 'IdentityDbContext' generated a value for the property 'ApplicationUser.Id'. Consider using 'DbContextOptionsBuilder.EnableSensitiveDataLogging' to see key values.&#xD;
[11:58:18 DBG] Context 'IdentityDbContext' started tracking 'ApplicationUser' entity. Consider using 'DbContextOptionsBuilder.EnableSensitiveDataLogging' to see key values.&#xD;
[11:58:18 DBG] SaveChanges starting for 'IdentityDbContext'.&#xD;
[11:58:18 DBG] DetectChanges starting for 'IdentityDbContext'.&#xD;
[11:58:18 DBG] DetectChanges completed for 'IdentityDbContext'.&#xD;
[11:58:18 INF] Saved 1 entities to in-memory store.&#xD;
[11:58:18 DBG] An entity of type 'ApplicationUser' tracked by 'IdentityDbContext' changed state from 'Added' to 'Unchanged'. Consider using 'DbContextOptionsBuilder.EnableSensitiveDataLogging' to see key values.&#xD;
[11:58:18 DBG] SaveChanges completed for 'IdentityDbContext' with 1 entities written to the database.&#xD;
[11:58:18 DBG] Compiling query expression: &#xD;
'DbSet&lt;ApplicationRole&gt;()&#xD;
    .SingleOrDefault(r =&gt; r.NormalizedName == __normalizedRoleName_0)'&#xD;
[11:58:18 DBG] Generated query execution expression: &#xD;
'queryContext =&gt; ShapedQueryCompilingExpressionVisitor.SingleOrDefaultAsync&lt;ApplicationRole&gt;(&#xD;
    asyncEnumerable: new QueryingEnumerable&lt;ApplicationRole&gt;(&#xD;
        queryContext, &#xD;
        new ResultEnumerable(() =&gt; InMemoryShapedQueryCompilingExpressionVisitor.Table(&#xD;
            queryContext: queryContext, &#xD;
            entityType: EntityType: ApplicationRole)&#xD;
            .Where(valueBuffer =&gt; DefaultValueComparer&lt;string&gt;.Equals(&#xD;
                left: ExpressionExtensions.ValueBufferTryReadValue&lt;string&gt;(&#xD;
                    valueBuffer: valueBuffer, &#xD;
                    index: 4, &#xD;
                    property: Property: ApplicationRole.NormalizedName (string) Index MaxLength(256)), &#xD;
                right: InMemoryExpressionTranslatingExpressionVisitor.GetParameterValue&lt;string&gt;(&#xD;
                    queryContext: queryContext, &#xD;
                    parameterName: "__normalizedRoleName_0")))&#xD;
            .Select(valueBuffer =&gt; new ValueBuffer(new object[]&#xD;
            { &#xD;
                (object)ExpressionExtensions.ValueBufferTryReadValue&lt;Guid&gt;(&#xD;
                    valueBuffer: valueBuffer, &#xD;
                    index: 0, &#xD;
                    property: Property: ApplicationRole.Id (Guid) Required PK AfterSave:Throw ValueGenerated.OnAdd), &#xD;
                ExpressionExtensions.ValueBufferTryReadValue&lt;string&gt;(&#xD;
                    valueBuffer: valueBuffer, &#xD;
                    index: 1, &#xD;
                    property: Property: ApplicationRole.ConcurrencyStamp (string) Concurrency), &#xD;
                ExpressionExtensions.ValueBufferTryReadValue&lt;string&gt;(&#xD;
                    valueBuffer: valueBuffer, &#xD;
                    index: 2, &#xD;
                    property: Property: ApplicationRole.Description (string) Required MaxLength(500)), &#xD;
                ExpressionExtensions.ValueBufferTryReadValue&lt;string&gt;(&#xD;
                    valueBuffer: valueBuffer, &#xD;
                    index: 3, &#xD;
                    property: Property: ApplicationRole.Name (string) MaxLength(256)), &#xD;
                ExpressionExtensions.ValueBufferTryReadValue&lt;string&gt;(&#xD;
                    valueBuffer: valueBuffer, &#xD;
                    index: 4, &#xD;
                    property: Property: ApplicationRole.NormalizedName (string) Index MaxLength(256)), &#xD;
                (object)ExpressionExtensions.ValueBufferTryReadValue&lt;Guid&gt;(&#xD;
                    valueBuffer: valueBuffer, &#xD;
                    index: 5, &#xD;
                    property: Property: ApplicationRole.TenantId (Guid) Required) &#xD;
            }))&#xD;
            .SingleOrDefault()), &#xD;
        Func&lt;QueryContext, ValueBuffer, ApplicationRole&gt;, &#xD;
        Nexustock.Modules.Identity.Contexts.IdentityDbContext, &#xD;
        False, &#xD;
        True&#xD;
    ), &#xD;
    cancellationToken: queryContext.CancellationToken)'&#xD;
[11:58:18 DBG] Compiling query expression: &#xD;
'DbSet&lt;IdentityUserRole&lt;Guid&gt;&gt;()&#xD;
    .FirstOrDefault(e =&gt; object.Equals(&#xD;
        objA: EF.Property&lt;object&gt;(e, "UserId"), &#xD;
        objB: __get_Item_0) &amp;&amp; object.Equals(&#xD;
        objA: EF.Property&lt;object&gt;(e, "RoleId"), &#xD;
        objB: __get_Item_1))'&#xD;
[11:58:18 DBG] Generated query execution expression: &#xD;
'queryContext =&gt; ShapedQueryCompilingExpressionVisitor.SingleOrDefaultAsync&lt;IdentityUserRole&lt;Guid&gt;&gt;(&#xD;
    asyncEnumerable: new QueryingEnumerable&lt;IdentityUserRole&lt;Guid&gt;&gt;(&#xD;
        queryContext, &#xD;
        new ResultEnumerable(() =&gt; InMemoryShapedQueryCompilingExpressionVisitor.Table(&#xD;
            queryContext: queryContext, &#xD;
            entityType: EntityType: IdentityUserRole&lt;Guid&gt;)&#xD;
            .Where(valueBuffer =&gt; object.Equals(&#xD;
                objA: (object)ExpressionExtensions.ValueBufferTryReadValue&lt;Guid&gt;(&#xD;
                    valueBuffer: valueBuffer, &#xD;
                    index: 0, &#xD;
                    property: Property: IdentityUserRole&lt;Guid&gt;.UserId (Guid) Required PK FK AfterSave:Throw), &#xD;
                objB: InMemoryExpressionTranslatingExpressionVisitor.GetParameterValue&lt;object&gt;(&#xD;
                    queryContext: queryContext, &#xD;
                    parameterName: "__get_Item_0")) &amp;&amp; object.Equals(&#xD;
                objA: (object)ExpressionExtensions.ValueBufferTryReadValue&lt;Guid&gt;(&#xD;
                    valueBuffer: valueBuffer, &#xD;
                    index: 1, &#xD;
                    property: Property: IdentityUserRole&lt;Guid&gt;.RoleId (Guid) Required PK FK Index AfterSave:Throw), &#xD;
                objB: InMemoryExpressionTranslatingExpressionVisitor.GetParameterValue&lt;object&gt;(&#xD;
                    queryContext: queryContext, &#xD;
                    parameterName: "__get_Item_1")))&#xD;
            .Select(valueBuffer =&gt; new ValueBuffer(new object[]&#xD;
            { &#xD;
                (object)ExpressionExtensions.ValueBufferTryReadValue&lt;Guid&gt;(&#xD;
                    valueBuffer: valueBuffer, &#xD;
                    index: 0, &#xD;
                    property: Property: IdentityUserRole&lt;Guid&gt;.UserId (Guid) Required PK FK AfterSave:Throw), &#xD;
                (object)ExpressionExtensions.ValueBufferTryReadValue&lt;Guid&gt;(&#xD;
                    valueBuffer: valueBuffer, &#xD;
                    index: 1, &#xD;
                    property: Property: IdentityUserRole&lt;Guid&gt;.RoleId (Guid) Required PK FK Index AfterSave:Throw) &#xD;
            }))&#xD;
            .FirstOrDefault()), &#xD;
        Func&lt;QueryContext, ValueBuffer, IdentityUserRole&lt;Guid&gt;&gt;, &#xD;
        Nexustock.Modules.Identity.Contexts.IdentityDbContext, &#xD;
        False, &#xD;
        True&#xD;
    ), &#xD;
    cancellationToken: queryContext.CancellationToken)'&#xD;
[11:58:18 DBG] Context 'IdentityDbContext' started tracking 'IdentityUserRole' entity. Consider using 'DbContextOptionsBuilder.EnableSensitiveDataLogging' to see key values.&#xD;
[11:58:18 DBG] An entity of type 'ApplicationUser' tracked by 'IdentityDbContext' changed state from 'Unchanged' to 'Modified'. Consider using 'DbContextOptionsBuilder.EnableSensitiveDataLogging' to see key values.&#xD;
[11:58:18 DBG] SaveChanges starting for 'IdentityDbContext'.&#xD;
[11:58:18 DBG] DetectChanges starting for 'IdentityDbContext'.&#xD;
[11:58:18 DBG] DetectChanges completed for 'IdentityDbContext'.&#xD;
[11:58:18 INF] Saved 2 entities to in-memory store.&#xD;
[11:58:18 DBG] An entity of type 'IdentityUserRole' tracked by 'IdentityDbContext' changed state from 'Added' to 'Unchanged'. Consider using 'DbContextOptionsBuilder.EnableSensitiveDataLogging' to see key values.&#xD;
[11:58:18 DBG] An entity of type 'ApplicationUser' tracked by 'IdentityDbContext' changed state from 'Modified' to 'Unchanged'. Consider using 'DbContextOptionsBuilder.EnableSensitiveDataLogging' to see key values.&#xD;
[11:58:18 DBG] SaveChanges completed for 'IdentityDbContext' with 2 entities written to the database.&#xD;
[11:58:18 DBG] Compiling query expression: &#xD;
'DbSet&lt;Permission&gt;()'&#xD;
[11:58:18 DBG] Generated query execution expression: &#xD;
'queryContext =&gt; new QueryingEnumerable&lt;Permission&gt;(&#xD;
    queryContext, &#xD;
    InMemoryShapedQueryCompilingExpressionVisitor.Table(&#xD;
        queryContext: queryContext, &#xD;
        entityType: EntityType: Permission)&#xD;
        .Select(valueBuffer =&gt; new ValueBuffer(new object[]&#xD;
        { &#xD;
            (object)ExpressionExtensions.ValueBufferTryReadValue&lt;Guid&gt;(&#xD;
                valueBuffer: valueBuffer, &#xD;
                index: 0, &#xD;
                property: Property: Permission.Id (Guid) Required PK AfterSave:Throw ValueGenerated.OnAdd), &#xD;
            ExpressionExtensions.ValueBufferTryReadValue&lt;string&gt;(&#xD;
                valueBuffer: valueBuffer, &#xD;
                index: 1, &#xD;
                property: Property: Permission.Category (string) Required MaxLength(100)), &#xD;
            (object)ExpressionExtensions.ValueBufferTryReadValue&lt;DateTime&gt;(&#xD;
                valueBuffer: valueBuffer, &#xD;
                index: 2, &#xD;
                property: Property: Permission.CreatedAt (DateTime) Required), &#xD;
            ExpressionExtensions.ValueBufferTryReadValue&lt;string&gt;(&#xD;
                valueBuffer: valueBuffer, &#xD;
                index: 3, &#xD;
                property: Property: Permission.DisplayName (string) Required MaxLength(200)), &#xD;
            ExpressionExtensions.ValueBufferTryReadValue&lt;string&gt;(&#xD;
                valueBuffer: valueBuffer, &#xD;
                index: 4, &#xD;
                property: Property: Permission.Name (string) Required Index MaxLength(100)), &#xD;
            (object)ExpressionExtensions.ValueBufferTryReadValue&lt;Guid&gt;(&#xD;
                valueBuffer: valueBuffer, &#xD;
                index: 5, &#xD;
                property: Property: Permission.TenantId (Guid) Required Index) &#xD;
        })), &#xD;
    Func&lt;QueryContext, ValueBuffer, Permission&gt;, &#xD;
    Nexustock.Modules.Identity.Contexts.IdentityDbContext, &#xD;
    False, &#xD;
    True&#xD;
)'&#xD;
[11:58:18 DBG] Context 'IdentityDbContext' started tracking 'Permission' entity. Consider using 'DbContextOptionsBuilder.EnableSensitiveDataLogging' to see key values.&#xD;
[11:58:18 DBG] Context 'IdentityDbContext' started tracking 'Permission' entity. Consider using 'DbContextOptionsBuilder.EnableSensitiveDataLogging' to see key values.&#xD;
[11:58:18 DBG] Context 'IdentityDbContext' started tracking 'Permission' entity. Consider using 'DbContextOptionsBuilder.EnableSensitiveDataLogging' to see key values.&#xD;
[11:58:18 DBG] Context 'IdentityDbContext' started tracking 'Permission' entity. Consider using 'DbContextOptionsBuilder.EnableSensitiveDataLogging' to see key values.&#xD;
[11:58:18 DBG] Context 'IdentityDbContext' started tracking 'Permission' entity. Consider using 'DbContextOptionsBuilder.EnableSensitiveDataLogging' to see key values.&#xD;
[11:58:18 DBG] Context 'IdentityDbContext' started tracking 'Permission' entity. Consider using 'DbContextOptionsBuilder.EnableSensitiveDataLogging' to see key values.&#xD;
[11:58:18 DBG] Context 'IdentityDbContext' started tracking 'Permission' entity. Consider using 'DbContextOptionsBuilder.EnableSensitiveDataLogging' to see key values.&#xD;
[11:58:18 DBG] Context 'IdentityDbContext' started tracking 'Permission' entity. Consider using 'DbContextOptionsBuilder.EnableSensitiveDataLogging' to see key values.&#xD;
[11:58:18 DBG] Context 'IdentityDbContext' started tracking 'Permission' entity. Consider using 'DbContextOptionsBuilder.EnableSensitiveDataLogging' to see key values.&#xD;
[11:58:18 DBG] Context 'IdentityDbContext' started tracking 'Permission' entity. Consider using 'DbContextOptionsBuilder.EnableSensitiveDataLogging' to see key values.&#xD;
[11:58:18 DBG] Context 'IdentityDbContext' started tracking 'Permission' entity. Consider using 'DbContextOptionsBuilder.EnableSensitiveDataLogging' to see key values.&#xD;
[11:58:18 DBG] Context 'IdentityDbContext' started tracking 'Permission' entity. Consider using 'DbContextOptionsBuilder.EnableSensitiveDataLogging' to see key values.&#xD;
[11:58:18 DBG] Context 'IdentityDbContext' started tracking 'Permission' entity. Consider using 'DbContextOptionsBuilder.EnableSensitiveDataLogging' to see key values.&#xD;
[11:58:18 DBG] Context 'IdentityDbContext' started tracking 'Permission' entity. Consider using 'DbContextOptionsBuilder.EnableSensitiveDataLogging' to see key values.&#xD;
[11:58:18 DBG] Context 'IdentityDbContext' started tracking 'Permission' entity. Consider using 'DbContextOptionsBuilder.EnableSensitiveDataLogging' to see key values.&#xD;
[11:58:18 DBG] Context 'IdentityDbContext' started tracking 'Permission' entity. Consider using 'DbContextOptionsBuilder.EnableSensitiveDataLogging' to see key values.&#xD;
[11:58:18 DBG] Context 'IdentityDbContext' started tracking 'Permission' entity. Consider using 'DbContextOptionsBuilder.EnableSensitiveDataLogging' to see key values.&#xD;
[11:58:18 DBG] Context 'IdentityDbContext' started tracking 'Permission' entity. Consider using 'DbContextOptionsBuilder.EnableSensitiveDataLogging' to see key values.&#xD;
[11:58:18 DBG] Context 'IdentityDbContext' started tracking 'Permission' entity. Consider using 'DbContextOptionsBuilder.EnableSensitiveDataLogging' to see key values.&#xD;
[11:58:18 DBG] Context 'IdentityDbContext' started tracking 'Permission' entity. Consider using 'DbContextOptionsBuilder.EnableSensitiveDataLogging' to see key values.&#xD;
[11:58:18 DBG] Context 'IdentityDbContext' started tracking 'Permission' entity. Consider using 'DbContextOptionsBuilder.EnableSensitiveDataLogging' to see key values.&#xD;
[11:58:18 DBG] Context 'IdentityDbContext' started tracking 'Permission' entity. Consider using 'DbContextOptionsBuilder.EnableSensitiveDataLogging' to see key values.&#xD;
[11:58:18 DBG] Context 'IdentityDbContext' started tracking 'Permission' entity. Consider using 'DbContextOptionsBuilder.EnableSensitiveDataLogging' to see key values.&#xD;
[11:58:18 DBG] Context 'IdentityDbContext' started tracking 'Permission' entity. Consider using 'DbContextOptionsBuilder.EnableSensitiveDataLogging' to see key values.&#xD;
[11:58:18 DBG] Context 'IdentityDbContext' started tracking 'Permission' entity. Consider using 'DbContextOptionsBuilder.EnableSensitiveDataLogging' to see key values.&#xD;
[11:58:18 DBG] Context 'IdentityDbContext' started tracking 'Permission' entity. Consider using 'DbContextOptionsBuilder.EnableSensitiveDataLogging' to see key values.&#xD;
[11:58:18 DBG] Context 'IdentityDbContext' started tracking 'Permission' entity. Consider using 'DbContextOptionsBuilder.EnableSensitiveDataLogging' to see key values.&#xD;
[11:58:18 DBG] Context 'IdentityDbContext' started tracking 'Permission' entity. Consider using 'DbContextOptionsBuilder.EnableSensitiveDataLogging' to see key values.&#xD;
[11:58:18 DBG] Context 'IdentityDbContext' started tracking 'Permission' entity. Consider using 'DbContextOptionsBuilder.EnableSensitiveDataLogging' to see key values.&#xD;
[11:58:18 DBG] Context 'IdentityDbContext' started tracking 'Permission' entity. Consider using 'DbContextOptionsBuilder.EnableSensitiveDataLogging' to see key values.&#xD;
[11:58:18 DBG] Context 'IdentityDbContext' started tracking 'Permission' entity. Consider using 'DbContextOptionsBuilder.EnableSensitiveDataLogging' to see key values.&#xD;
[11:58:18 DBG] Context 'IdentityDbContext' started tracking 'Permission' entity. Consider using 'DbContextOptionsBuilder.EnableSensitiveDataLogging' to see key values.&#xD;
[11:58:18 DBG] Context 'IdentityDbContext' started tracking 'Permission' entity. Consider using 'DbContextOptionsBuilder.EnableSensitiveDataLogging' to see key values.&#xD;
[11:58:18 DBG] Context 'IdentityDbContext' started tracking 'Permission' entity. Consider using 'DbContextOptionsBuilder.EnableSensitiveDataLogging' to see key values.&#xD;
[11:58:18 DBG] Context 'IdentityDbContext' started tracking 'Permission' entity. Consider using 'DbContextOptionsBuilder.EnableSensitiveDataLogging' to see key values.&#xD;
[11:58:18 DBG] Context 'IdentityDbContext' started tracking 'Permission' entity. Consider using 'DbContextOptionsBuilder.EnableSensitiveDataLogging' to see key values.&#xD;
[11:58:18 DBG] Context 'IdentityDbContext' started tracking 'Permission' entity. Consider using 'DbContextOptionsBuilder.EnableSensitiveDataLogging' to see key values.&#xD;
[11:58:18 DBG] Context 'IdentityDbContext' started tracking 'Permission' entity. Consider using 'DbContextOptionsBuilder.EnableSensitiveDataLogging' to see key values.&#xD;
[11:58:18 DBG] Context 'IdentityDbContext' started tracking 'Permission' entity. Consider using 'DbContextOptionsBuilder.EnableSensitiveDataLogging' to see key values.&#xD;
[11:58:18 DBG] Context 'IdentityDbContext' started tracking 'Permission' entity. Consider using 'DbContextOptionsBuilder.EnableSensitiveDataLogging' to see key values.&#xD;
[11:58:18 DBG] Context 'IdentityDbContext' started tracking 'Permission' entity. Consider using 'DbContextOptionsBuilder.EnableSensitiveDataLogging' to see key values.&#xD;
[11:58:18 DBG] Context 'IdentityDbContext' started tracking 'Permission' entity. Consider using 'DbContextOptionsBuilder.EnableSensitiveDataLogging' to see key values.&#xD;
[11:58:18 DBG] Context 'IdentityDbContext' started tracking 'Permission' entity. Consider using 'DbContextOptionsBuilder.EnableSensitiveDataLogging' to see key values.&#xD;
[11:58:18 DBG] Context 'IdentityDbContext' started tracking 'Permission' entity. Consider using 'DbContextOptionsBuilder.EnableSensitiveDataLogging' to see key values.&#xD;
[11:58:18 DBG] Context 'IdentityDbContext' started tracking 'Permission' entity. Consider using 'DbContextOptionsBuilder.EnableSensitiveDataLogging' to see key values.&#xD;
[11:58:18 DBG] Context 'IdentityDbContext' started tracking 'Permission' entity. Consider using 'DbContextOptionsBuilder.EnableSensitiveDataLogging' to see key values.&#xD;
[11:58:18 DBG] Context 'IdentityDbContext' started tracking 'Permission' entity. Consider using 'DbContextOptionsBuilder.EnableSensitiveDataLogging' to see key values.&#xD;
[11:58:18 DBG] Context 'IdentityDbContext' started tracking 'Permission' entity. Consider using 'DbContextOptionsBuilder.EnableSensitiveDataLogging' to see key values.&#xD;
[11:58:18 DBG] Context 'IdentityDbContext' started tracking 'Permission' entity. Consider using 'DbContextOptionsBuilder.EnableSensitiveDataLogging' to see key values.&#xD;
[11:58:18 DBG] Context 'IdentityDbContext' started tracking 'Permission' entity. Consider using 'DbContextOptionsBuilder.EnableSensitiveDataLogging' to see key values.&#xD;
[11:58:18 DBG] Context 'IdentityDbContext' started tracking 'Permission' entity. Consider using 'DbContextOptionsBuilder.EnableSensitiveDataLogging' to see key values.&#xD;
[11:58:18 DBG] Context 'IdentityDbContext' started tracking 'Permission' entity. Consider using 'DbContextOptionsBuilder.EnableSensitiveDataLogging' to see key values.&#xD;
[11:58:18 DBG] Context 'IdentityDbContext' started tracking 'Permission' entity. Consider using 'DbContextOptionsBuilder.EnableSensitiveDataLogging' to see key values.&#xD;
[11:58:18 DBG] Context 'IdentityDbContext' started tracking 'Permission' entity. Consider using 'DbContextOptionsBuilder.EnableSensitiveDataLogging' to see key values.&#xD;
[11:58:18 DBG] Context 'IdentityDbContext' started tracking 'Permission' entity. Consider using 'DbContextOptionsBuilder.EnableSensitiveDataLogging' to see key values.&#xD;
[11:58:18 DBG] Context 'IdentityDbContext' started tracking 'Permission' entity. Consider using 'DbContextOptionsBuilder.EnableSensitiveDataLogging' to see key values.&#xD;
[11:58:18 DBG] Context 'IdentityDbContext' started tracking 'Permission' entity. Consider using 'DbContextOptionsBuilder.EnableSensitiveDataLogging' to see key values.&#xD;
[11:58:18 DBG] Context 'IdentityDbContext' started tracking 'Permission' entity. Consider using 'DbContextOptionsBuilder.EnableSensitiveDataLogging' to see key values.&#xD;
[11:58:18 DBG] Context 'IdentityDbContext' started tracking 'Permission' entity. Consider using 'DbContextOptionsBuilder.EnableSensitiveDataLogging' to see key values.&#xD;
[11:58:18 DBG] Context 'IdentityDbContext' started tracking 'Permission' entity. Consider using 'DbContextOptionsBuilder.EnableSensitiveDataLogging' to see key values.&#xD;
[11:58:18 DBG] Context 'IdentityDbContext' started tracking 'Permission' entity. Consider using 'DbContextOptionsBuilder.EnableSensitiveDataLogging' to see key values.&#xD;
[11:58:18 DBG] Context 'IdentityDbContext' started tracking 'Permission' entity. Consider using 'DbContextOptionsBuilder.EnableSensitiveDataLogging' to see key values.&#xD;
[11:58:18 DBG] Context 'IdentityDbContext' started tracking 'Permission' entity. Consider using 'DbContextOptionsBuilder.EnableSensitiveDataLogging' to see key values.&#xD;
[11:58:18 DBG] Context 'IdentityDbContext' started tracking 'Permission' entity. Consider using 'DbContextOptionsBuilder.EnableSensitiveDataLogging' to see key values.&#xD;
[11:58:18 DBG] Context 'IdentityDbContext' started tracking 'Permission' entity. Consider using 'DbContextOptionsBuilder.EnableSensitiveDataLogging' to see key values.&#xD;
[11:58:18 DBG] Context 'IdentityDbContext' started tracking 'Permission' entity. Consider using 'DbContextOptionsBuilder.EnableSensitiveDataLogging' to see key values.&#xD;
[11:58:18 DBG] Context 'IdentityDbContext' started tracking 'Permission' entity. Consider using 'DbContextOptionsBuilder.EnableSensitiveDataLogging' to see key values.&#xD;
[11:58:18 DBG] Context 'IdentityDbContext' started tracking 'Permission' entity. Consider using 'DbContextOptionsBuilder.EnableSensitiveDataLogging' to see key values.&#xD;
[11:58:18 DBG] Context 'IdentityDbContext' started tracking 'Permission' entity. Consider using 'DbContextOptionsBuilder.EnableSensitiveDataLogging' to see key values.&#xD;
[11:58:18 DBG] Context 'IdentityDbContext' started tracking 'Permission' entity. Consider using 'DbContextOptionsBuilder.EnableSensitiveDataLogging' to see key values.&#xD;
[11:58:18 DBG] Context 'IdentityDbContext' started tracking 'Permission' entity. Consider using 'DbContextOptionsBuilder.EnableSensitiveDataLogging' to see key values.&#xD;
[11:58:18 DBG] Context 'IdentityDbContext' started tracking 'Permission' entity. Consider using 'DbContextOptionsBuilder.EnableSensitiveDataLogging' to see key values.&#xD;
[11:58:18 DBG] Context 'IdentityDbContext' started tracking 'Permission' entity. Consider using 'DbContextOptionsBuilder.EnableSensitiveDataLogging' to see key values.&#xD;
[11:58:18 DBG] Context 'IdentityDbContext' started tracking 'Permission' entity. Consider using 'DbContextOptionsBuilder.EnableSensitiveDataLogging' to see key values.&#xD;
[11:58:18 DBG] Context 'IdentityDbContext' started tracking 'Permission' entity. Consider using 'DbContextOptionsBuilder.EnableSensitiveDataLogging' to see key values.&#xD;
[11:58:18 DBG] Context 'IdentityDbContext' started tracking 'Permission' entity. Consider using 'DbContextOptionsBuilder.EnableSensitiveDataLogging' to see key values.&#xD;
[11:58:18 DBG] Context 'IdentityDbContext' started tracking 'Permission' entity. Consider using 'DbContextOptionsBuilder.EnableSensitiveDataLogging' to see key values.&#xD;
[11:58:18 DBG] Context 'IdentityDbContext' started tracking 'Permission' entity. Consider using 'DbContextOptionsBuilder.EnableSensitiveDataLogging' to see key values.&#xD;
[11:58:18 DBG] Context 'IdentityDbContext' started tracking 'Permission' entity. Consider using 'DbContextOptionsBuilder.EnableSensitiveDataLogging' to see key values.&#xD;
[11:58:18 DBG] Context 'IdentityDbContext' started tracking 'Permission' entity. Consider using 'DbContextOptionsBuilder.EnableSensitiveDataLogging' to see key values.&#xD;
[11:58:18 DBG] Context 'IdentityDbContext' started tracking 'Permission' entity. Consider using 'DbContextOptionsBuilder.EnableSensitiveDataLogging' to see key values.&#xD;
[11:58:18 DBG] Context 'IdentityDbContext' started tracking 'Permission' entity. Consider using 'DbContextOptionsBuilder.EnableSensitiveDataLogging' to see key values.&#xD;
[11:58:18 DBG] Context 'IdentityDbContext' started tracking 'Permission' entity. Consider using 'DbContextOptionsBuilder.EnableSensitiveDataLogging' to see key values.&#xD;
[11:58:18 DBG] Context 'IdentityDbContext' started tracking 'Permission' entity. Consider using 'DbContextOptionsBuilder.EnableSensitiveDataLogging' to see key values.&#xD;
[11:58:18 DBG] Context 'IdentityDbContext' started tracking 'Permission' entity. Consider using 'DbContextOptionsBuilder.EnableSensitiveDataLogging' to see key values.&#xD;
[11:58:18 DBG] Context 'IdentityDbContext' started tracking 'Permission' entity. Consider using 'DbContextOptionsBuilder.EnableSensitiveDataLogging' to see key values.&#xD;
[11:58:18 DBG] Context 'IdentityDbContext' started tracking 'Permission' entity. Consider using 'DbContextOptionsBuilder.EnableSensitiveDataLogging' to see key values.&#xD;
[11:58:18 DBG] Context 'IdentityDbContext' started tracking 'Permission' entity. Consider using 'DbContextOptionsBuilder.EnableSensitiveDataLogging' to see key values.&#xD;
[11:58:18 DBG] Context 'IdentityDbContext' started tracking 'Permission' entity. Consider using 'DbContextOptionsBuilder.EnableSensitiveDataLogging' to see key values.&#xD;
[11:58:18 DBG] Context 'IdentityDbContext' started tracking 'Permission' entity. Consider using 'DbContextOptionsBuilder.EnableSensitiveDataLogging' to see key values.&#xD;
[11:58:18 DBG] Context 'IdentityDbContext' started tracking 'Permission' entity. Consider using 'DbContextOptionsBuilder.EnableSensitiveDataLogging' to see key values.&#xD;
[11:58:18 DBG] Context 'IdentityDbContext' started tracking 'Permission' entity. Consider using 'DbContextOptionsBuilder.EnableSensitiveDataLogging' to see key values.&#xD;
[11:58:18 DBG] Context 'IdentityDbContext' started tracking 'Permission' entity. Consider using 'DbContextOptionsBuilder.EnableSensitiveDataLogging' to see key values.&#xD;
[...]
    return new QueryingEnumerable&lt;int&gt;(&#xD;
        queryContext, &#xD;
        new ResultEnumerable(() =&gt; new ValueBuffer(new object[]{ (object)InMemoryShapedQueryCompilingExpressionVisitor.Table(&#xD;
            queryContext: queryContext, &#xD;
            entityType: EntityType: FileAttachment)&#xD;
            .Where(valueBuffer =&gt; DefaultValueComparer&lt;Guid&gt;.Equals(&#xD;
                left: ExpressionExtensions.ValueBufferTryReadValue&lt;Guid&gt;(&#xD;
                    valueBuffer: valueBuffer, &#xD;
                    index: 15, &#xD;
                    property: Property: FileAttachment.TenantId (Guid) Required Index), &#xD;
                right: InMemoryExpressionTranslatingExpressionVisitor.GetParameterValue&lt;Guid&gt;(&#xD;
                    queryContext: queryContext, &#xD;
                    parameterName: "__ef_filter__CurrentTenantId_0")))&#xD;
            .Where(valueBuffer =&gt; DefaultValueComparer&lt;Guid&gt;.Equals(&#xD;
                left: ExpressionExtensions.ValueBufferTryReadValue&lt;Guid&gt;(&#xD;
                    valueBuffer: valueBuffer, &#xD;
                    index: 5, &#xD;
                    property: Property: FileAttachment.EntityId (Guid) Required Index), &#xD;
                right: InMemoryExpressionTranslatingExpressionVisitor.GetParameterValue&lt;Guid&gt;(&#xD;
                    queryContext: queryContext, &#xD;
                    parameterName: "__productId_0")) &amp;&amp; ValueComparer&lt;DateTimeOffset?&gt;.Equals(&#xD;
                left: ExpressionExtensions.ValueBufferTryReadValue&lt;DateTimeOffset?&gt;(&#xD;
                    valueBuffer: valueBuffer, &#xD;
                    index: 4, &#xD;
                    property: Property: FileAttachment.DeletedAt (DateTimeOffset?)), &#xD;
                right: null))&#xD;
            .Count() })), &#xD;
        Func&lt;QueryContext, ValueBuffer, int&gt;, &#xD;
        Nexustock.Modules.Files.Contexts.FilesDbContext, &#xD;
        False, &#xD;
        True&#xD;
    )&#xD;
        .Single();&#xD;
}'&#xD;
[11:58:20 DBG] 'ReplenishmentDbContext' disposed.&#xD;
[11:58:20 DBG] 'ReadinessDbContext' disposed.&#xD;
[11:58:20 DBG] 'CrossDockingDbContext' disposed.&#xD;
[11:58:20 DBG] 'PutawayDbContext' disposed.&#xD;
[11:58:20 DBG] 'WaveDbContext' disposed.&#xD;
[11:58:20 DBG] 'LpnDbContext' disposed.&#xD;
[11:58:20 DBG] 'ExceptionsDbContext' disposed.&#xD;
[11:58:20 DBG] 'RmaDbContext' disposed.&#xD;
[11:58:20 DBG] 'InboundDbContext' disposed.&#xD;
[11:58:20 DBG] 'InventoryDbContext' disposed.&#xD;
[11:58:20 DBG] 'QcDbContext' disposed.&#xD;
[11:58:20 DBG] 'FilesDbContext' disposed.&#xD;
[11:58:20 DBG] 'IdentityDbContext' disposed.&#xD;
[11:58:20 DBG] 'MasterDataDbContext' disposed.&#xD;
[11:58:20 DBG] Entity Framework Core 8.0.21 initialized 'MasterDataDbContext' using provider 'Microsoft.EntityFrameworkCore.InMemory:8.0.21' with options: StoreName=TestDb_41200c9b-a77b-47a3-9fc7-e5923a89e388 &#xD;
[11:58:20 DBG] Entity Framework Core 8.0.21 initialized 'IdentityDbContext' using provider 'Microsoft.EntityFrameworkCore.InMemory:8.0.21' with options: StoreName=TestDb_41200c9b-a77b-47a3-9fc7-e5923a89e388 &#xD;
[11:58:20 DBG] Entity Framework Core 8.0.21 initialized 'FilesDbContext' using provider 'Microsoft.EntityFrameworkCore.InMemory:8.0.21' with options: StoreName=TestDb_41200c9b-a77b-47a3-9fc7-e5923a89e388 &#xD;
[11:58:20 DBG] Entity Framework Core 8.0.21 initialized 'QcDbContext' using provider 'Microsoft.EntityFrameworkCore.InMemory:8.0.21' with options: StoreName=TestDb_41200c9b-a77b-47a3-9fc7-e5923a89e388 &#xD;
[11:58:20 DBG] Entity Framework Core 8.0.21 initialized 'InventoryDbContext' using provider 'Microsoft.EntityFrameworkCore.InMemory:8.0.21' with options: StoreName=TestDb_41200c9b-a77b-47a3-9fc7-e5923a89e388 &#xD;
[11:58:20 DBG] Entity Framework Core 8.0.21 initialized 'InboundDbContext' using provider 'Microsoft.EntityFrameworkCore.InMemory:8.0.21' with options: StoreName=TestDb_41200c9b-a77b-47a3-9fc7-e5923a89e388 &#xD;
[11:58:20 DBG] Entity Framework Core 8.0.21 initialized 'RmaDbContext' using provider 'Microsoft.EntityFrameworkCore.InMemory:8.0.21' with options: StoreName=TestDb_41200c9b-a77b-47a3-9fc7-e5923a89e388 &#xD;
[11:58:20 DBG] Entity Framework Core 8.0.21 initialized 'ExceptionsDbContext' using provider 'Microsoft.EntityFrameworkCore.InMemory:8.0.21' with options: StoreName=TestDb_41200c9b-a77b-47a3-9fc7-e5923a89e388 &#xD;
[11:58:20 DBG] Entity Framework Core 8.0.21 initialized 'LpnDbContext' using provider 'Microsoft.EntityFrameworkCore.InMemory:8.0.21' with options: StoreName=TestDb_41200c9b-a77b-47a3-9fc7-e5923a89e388 &#xD;
[11:58:20 DBG] Entity Framework Core 8.0.21 initialized 'WaveDbContext' using provider 'Microsoft.EntityFrameworkCore.InMemory:8.0.21' with options: StoreName=TestDb_41200c9b-a77b-47a3-9fc7-e5923a89e388 &#xD;
[11:58:20 DBG] Entity Framework Core 8.0.21 initialized 'PutawayDbContext' using provider 'Microsoft.EntityFrameworkCore.InMemory:8.0.21' with options: StoreName=TestDb_41200c9b-a77b-47a3-9fc7-e5923a89e388 &#xD;
[11:58:20 DBG] Entity Framework Core 8.0.21 initialized 'CrossDockingDbContext' using provider 'Microsoft.EntityFrameworkCore.InMemory:8.0.21' with options: StoreName=TestDb_41200c9b-a77b-47a3-9fc7-e5923a89e388 &#xD;
[11:58:20 DBG] Entity Framework Core 8.0.21 initialized 'ReadinessDbContext' using provider 'Microsoft.EntityFrameworkCore.InMemory:8.0.21' with options: StoreName=TestDb_41200c9b-a77b-47a3-9fc7-e5923a89e388 &#xD;
[11:58:20 DBG] Entity Framework Core 8.0.21 initialized 'ReplenishmentDbContext' using provider 'Microsoft.EntityFrameworkCore.InMemory:8.0.21' with options: StoreName=TestDb_41200c9b-a77b-47a3-9fc7-e5923a89e388 &#xD;
[11:58:20 DBG] Context 'FilesDbContext' started tracking 'FilePendingUpload' entity. Consider using 'DbContextOptionsBuilder.EnableSensitiveDataLogging' to see key values.&#xD;
[11:58:20 DBG] Context 'FilesDbContext' started tracking 'FilePendingUpload' entity. Consider using 'DbContextOptionsBuilder.EnableSensitiveDataLogging' to see key values.&#xD;
[11:58:20 DBG] SaveChanges starting for 'FilesDbContext'.&#xD;
[11:58:20 DBG] DetectChanges starting for 'FilesDbContext'.&#xD;
[11:58:20 DBG] DetectChanges completed for 'FilesDbContext'.&#xD;
[11:58:20 INF] Saved 2 entities to in-memory store.&#xD;
[11:58:20 DBG] An entity of type 'FilePendingUpload' tracked by 'FilesDbContext' changed state from 'Added' to 'Unchanged'. Consider using 'DbContextOptionsBuilder.EnableSensitiveDataLogging' to see key values.&#xD;
[11:58:20 DBG] An entity of type 'FilePendingUpload' tracked by 'FilesDbContext' changed state from 'Added' to 'Unchanged'. Consider using 'DbContextOptionsBuilder.EnableSensitiveDataLogging' to see key values.&#xD;
[11:58:20 DBG] SaveChanges completed for 'FilesDbContext' with 2 entities written to the database.&#xD;
[11:58:20 DBG] Context 'FilesDbContext' started tracking 'FileStorageSettings' entity. Consider using 'DbContextOptionsBuilder.EnableSensitiveDataLogging' to see key values.&#xD;
[11:58:20 DBG] SaveChanges starting for 'FilesDbContext'.&#xD;
[11:58:20 DBG] DetectChanges starting for 'FilesDbContext'.&#xD;
[11:58:20 DBG] The unchanged property 'FilePendingUpload.PurgedAt' was detected as changed and will be marked as modified. Consider using 'DbContextOptionsBuilder.EnableSensitiveDataLogging' to see property values.&#xD;
[11:58:20 DBG] An entity of type 'FilePendingUpload' tracked by 'FilesDbContext' changed state from 'Unchanged' to 'Modified'. Consider using 'DbContextOptionsBuilder.EnableSensitiveDataLogging' to see key values.&#xD;
[11:58:20 DBG] The unchanged property 'FilePendingUpload.Status' was detected as changed and will be marked as modified. Consider using 'DbContextOptionsBuilder.EnableSensitiveDataLogging' to see property values.&#xD;
[11:58:20 DBG] DetectChanges completed for 'FilesDbContext'.&#xD;
[11:58:20 INF] Saved 1 entities to in-memory store.&#xD;
[11:58:20 DBG] An entity of type 'FilePendingUpload' tracked by 'FilesDbContext' changed state from 'Modified' to 'Unchanged'. Consider using 'DbContextOptionsBuilder.EnableSensitiveDataLogging' to see key values.&#xD;
[11:58:20 DBG] SaveChanges completed for 'FilesDbContext' with 1 entities written to the database.&#xD;
[11:58:20 INF] Cleaned up 1 expired pending uploads&#xD;
[11:58:20 DBG] Compiling query expression: &#xD;
'DbSet&lt;FilePendingUpload&gt;()'&#xD;
[11:58:20 DBG] Generated query execution expression: &#xD;
'queryContext =&gt; &#xD;
{&#xD;
    queryContext.AddParameter(&#xD;
        name: "__ef_filter__CurrentTenantId_0", &#xD;
        value: (object)Invoke(queryContext =&gt; (object)((FilesDbContext)queryContext.Context).CurrentTenantId, queryContext));&#xD;
    return new QueryingEnumerable&lt;FilePendingUpload&gt;(&#xD;
        queryContext, &#xD;
        InMemoryShapedQueryCompilingExpressionVisitor.Table(&#xD;
            queryContext: queryContext, &#xD;
            entityType: EntityType: FilePendingUpload)&#xD;
            .Where(valueBuffer =&gt; DefaultValueComparer&lt;Guid&gt;.Equals(&#xD;
                left: ExpressionExtensions.ValueBufferTryReadValue&lt;Guid&gt;(&#xD;
                    valueBuffer: valueBuffer, &#xD;
                    index: 15, &#xD;
                    property: Property: FilePendingUpload.TenantId (Guid) Required Index), &#xD;
                right: InMemoryExpressionTranslatingExpressionVisitor.GetParameterValue&lt;Guid&gt;(&#xD;
                    queryContext: queryContext, &#xD;
                    parameterName: "__ef_filter__CurrentTenantId_0")))&#xD;
            .Select(valueBuffer =&gt; new ValueBuffer(new object[]&#xD;
            { &#xD;
                (object)ExpressionExtensions.ValueBufferTryReadValue&lt;Guid&gt;(&#xD;
                    valueBuffer: valueBuffer, &#xD;
                    index: 0, &#xD;
                    property: Property: FilePendingUpload.Id (Guid) Required PK AfterSave:Throw ValueGenerated.OnAdd), &#xD;
                (object)ExpressionExtensions.ValueBufferTryReadValue&lt;Guid?&gt;(&#xD;
                    valueBuffer: valueBuffer, &#xD;
                    index: 1, &#xD;
                    property: Property: FilePendingUpload.AttachmentId (Guid?) Index), &#xD;
                (object)ExpressionExtensions.ValueBufferTryReadValue&lt;DateTimeOffset?&gt;(&#xD;
                    valueBuffer: valueBuffer, &#xD;
                    index: 2, &#xD;
                    property: Property: FilePendingUpload.BoundAt (DateTimeOffset?)), &#xD;
                ExpressionExtensions.ValueBufferTryReadValue&lt;string&gt;(&#xD;
                    valueBuffer: valueBuffer, &#xD;
                    index: 3, &#xD;
                    property: Property: FilePendingUpload.ContentType (string) Required MaxLength(128)), &#xD;
                (object)ExpressionExtensions.ValueBufferTryReadValue&lt;DateTimeOffset&gt;(&#xD;
                    valueBuffer: valueBuffer, &#xD;
                    index: 4, &#xD;
                    property: Property: FilePendingUpload.CreatedAt (DateTimeOffset) Required), &#xD;
                ExpressionExtensions.ValueBufferTryReadValue&lt;string&gt;(&#xD;
                    valueBuffer: valueBuffer, &#xD;
                    index: 5, &#xD;
                    property: Property: FilePendingUpload.CreatedBy (string) MaxLength(128)), &#xD;
                (object)ExpressionExtensions.ValueBufferTryReadValue&lt;DateTimeOffset&gt;(&#xD;
                    valueBuffer: valueBuffer, &#xD;
                    index: 6, &#xD;
                    property: Property: FilePendingUpload.ExpiresAt (DateTimeOffset) Required Index), &#xD;
                ExpressionExtensions.ValueBufferTryReadValue&lt;string&gt;(&#xD;
                    valueBuffer: valueBuffer, &#xD;
                    index: 7, &#xD;
                    property: Property: FilePendingUpload.FileName (string) Required MaxLength(255)), &#xD;
                ExpressionExtensions.ValueBufferTryReadValue&lt;string&gt;(&#xD;
                    valueBuffer: valueBuffer, &#xD;
                    index: 8, &#xD;
                    property: Property: FilePendingUpload.Kind (string) Required MaxLength(16)), &#xD;
                ExpressionExtensions.ValueBufferTryReadValue&lt;string&gt;(&#xD;
                    valueBuffer: valueBuffer, &#xD;
                    index: 9, &#xD;
                    property: Property: FilePendingUpload.LegacyUrl (string) Required MaxLength(1024)), &#xD;
                ExpressionExtensions.ValueBufferTryReadValue&lt;string&gt;(&#xD;
                    valueBuffer: valueBuffer, &#xD;
                    index: 10, &#xD;
                    property: Property: FilePendingUpload.Provider (string) Required MaxLength(32)), &#xD;
                (object)ExpressionExtensions.ValueBufferTryReadValue&lt;DateTimeOffset?&gt;(&#xD;
                    valueBuffer: valueBuffer, &#xD;
                    index: 11, &#xD;
                    property: Property: FilePendingUpload.PurgedAt (DateTimeOffset?)), &#xD;
                (object)ExpressionExtensions.ValueBufferTryReadValue&lt;long&gt;(&#xD;
                    valueBuffer: valueBuffer, &#xD;
                    index: 12, &#xD;
                    property: Property: FilePendingUpload.SizeBytes (long) Required), &#xD;
                ExpressionExtensions.ValueBufferTryReadValue&lt;string&gt;(&#xD;
                    valueBuffer: valueBuffer, &#xD;
                    index: 13, &#xD;
                    property: Property: FilePendingUpload.Status (string) Required Index MaxLength(32)), &#xD;
                ExpressionExtensions.ValueBufferTryReadValue&lt;string&gt;(&#xD;
                    valueBuffer: valueBuffer, &#xD;
                    index: 14, &#xD;
                    property: Property: FilePendingUpload.StorageKey (string) Required Index MaxLength(512)), &#xD;
                (object)ExpressionExtensions.ValueBufferTryReadValue&lt;Guid&gt;(&#xD;
                    valueBuffer: valueBuffer, &#xD;
                    index: 15, &#xD;
                    property: Property: FilePendingUpload.TenantId (Guid) Required Index), &#xD;
                ExpressionExtensions.ValueBufferTryReadValue&lt;string&gt;(&#xD;
                    valueBuffer: valueBuffer, &#xD;
                    index: 16, &#xD;
                    property: Property: FilePendingUpload.ThumbnailKey (string) MaxLength(512)) &#xD;
            })), &#xD;
        Func&lt;QueryContext, ValueBuffer, FilePendingUpload&gt;, &#xD;
        Nexustock.Modules.Files.Contexts.FilesDbContext, &#xD;
        False, &#xD;
        True&#xD;
    );&#xD;
}'&#xD;
[11:58:20 DBG] Context 'FilesDbContext' started tracking 'FilePendingUpload' entity. Consider using 'DbContextOptionsBuilder.EnableSensitiveDataLogging' to see key values.&#xD;
[11:58:20 DBG] Context 'FilesDbContext' started tracking 'FilePendingUpload' entity. Consider using 'DbContextOptionsBuilder.EnableSensitiveDataLogging' to see key values.&#xD;
[11:58:20 DBG] Context 'FilesDbContext' started tracking 'FilePendingUpload' entity. Consider using 'DbContextOptionsBuilder.EnableSensitiveDataLogging' to see key values.&#xD;
[11:58:20 DBG] Context 'FilesDbContext' started tracking 'FilePendingUpload' entity. Consider using 'DbContextOptionsBuilder.EnableSensitiveDataLogging' to see key values.&#xD;
[11:58:20 DBG] Context 'FilesDbContext' started tracking 'FilePendingUpload' entity. Consider using 'DbContextOptionsBuilder.EnableSensitiveDataLogging' to see key values.&#xD;
[11:58:20 DBG] Context 'FilesDbContext' started tracking 'FilePendingUpload' entity. Consider using 'DbContextOptionsBuilder.EnableSensitiveDataLogging' to see key values.&#xD;
[11:58:20 DBG] Context 'FilesDbContext' started tracking 'FilePendingUpload' entity. Consider using 'DbContextOptionsBuilder.EnableSensitiveDataLogging' to see key values.&#xD;
[11:58:20 DBG] Context 'FilesDbContext' started tracking 'FilePendingUpload' entity. Consider using 'DbContextOptionsBuilder.EnableSensitiveDataLogging' to see key values.&#xD;
[11:58:20 DBG] Context 'FilesDbContext' started tracking 'FilePendingUpload' entity. Consider using 'DbContextOptionsBuilder.EnableSensitiveDataLogging' to see key values.&#xD;
[11:58:20 DBG] 'ReplenishmentDbContext' disposed.&#xD;
[11:58:20 DBG] 'ReadinessDbContext' disposed.&#xD;
[11:58:20 DBG] 'CrossDockingDbContext' disposed.&#xD;
[11:58:20 DBG] 'PutawayDbContext' disposed.&#xD;
[11:58:20 DBG] 'WaveDbContext' disposed.&#xD;
[11:58:20 DBG] 'LpnDbContext' disposed.&#xD;
[11:58:20 DBG] 'ExceptionsDbContext' disposed.&#xD;
[11:58:20 DBG] 'RmaDbContext' disposed.&#xD;
[11:58:20 DBG] 'InboundDbContext' disposed.&#xD;
[11:58:20 DBG] 'InventoryDbContext' disposed.&#xD;
[11:58:20 DBG] 'QcDbContext' disposed.&#xD;
[11:58:20 DBG] 'FilesDbContext' disposed.&#xD;
[11:58:20 DBG] 'IdentityDbContext' disposed.&#xD;
[11:58:20 DBG] 'MasterDataDbContext' disposed.&#xD;
[xUnit.net 00:00:02.80]   Finished:    Nexustock.MasterData.IntegrationTests&#xD;
[11:58:20 WRN] Stopping the server due to DomainUnload or ProcessExit event...&#xD;
[11:58:20 INF] Server smv-dpdpc004:25620:cdf6f052 caught stopping signal...&#xD;
[11:58:20 DBG] Execution loop RecurringJobScheduler:ddf3be32 stopped in 0.1689 ms&#xD;
[11:58:20 DBG] Execution loop Worker:c707f454 stopped in 0.1719 ms&#xD;
[11:58:20 DBG] Execution loop DelayedJobScheduler:37f50e1a stopped in 0.1735 ms&#xD;
[11:58:20 DBG] Execution loop Worker:02949990 stopped in 0.1719 ms&#xD;
[11:58:20 INF] Server smv-dpdpc004:25620:cdf6f052 caught stopped signal...&#xD;
[11:58:20 DBG] Execution loop Worker:cbb97d8f stopped in 0.233 ms&#xD;
[11:58:20 DBG] Execution loop Worker:737736d0 stopped in 0.2627 ms&#xD;
[11:58:20 DBG] Execution loop Worker:392fab7d stopped in 0.2919 ms&#xD;
[11:58:20 WRN] Server smv-dpdpc004:25620:cdf6f052 caught shutdown signal...&#xD;
[11:58:20 DBG] Execution loop Worker:d78b12c3 stopped in 0.4218 ms&#xD;
[11:58:20 DBG] Execution loop ServerHeartbeatProcess:af215c15 stopped in 0.0555 ms&#xD;
[11:58:20 DBG] Execution loop Worker:c367a6c8 stopped in 0.4653 ms&#xD;
[11:58:20 DBG] Execution loop Worker:b261da86 stopped in 0.4567 ms&#xD;
[11:58:20 DBG] Execution loop Worker:fa4d1b0f stopped in 0.4849 ms&#xD;
[11:58:20 DBG] Execution loop Worker:306b5950 stopped in 0.5693 ms&#xD;
[11:58:20 DBG] Execution loop ServerWatchdog:f62d8162 stopped in 0.6403 ms&#xD;
[11:58:20 DBG] Execution loop ServerJobCancellationWatcher:302a1b21 stopped in 0.6526 ms&#xD;
[11:58:20 WRN] Server smv-dpdpc004:25620:cdf6f052 stopped non-gracefully due to ServerWatchdog, ServerJobCancellationWatcher, ExpirationManager, CountersAggregator, Worker, DelayedJobScheduler, RecurringJobScheduler. Outstanding work on those dispatchers could be aborted, and there can be delays in background processing. This server instance will be incorrectly shown as active for a while. To avoid non-graceful shutdowns, investigate what prevents from stopping gracefully and add CancellationToken support for those methods.&#xD;
[11:58:20 DBG] Execution loop CountersAggregator:5dfc9fa5 stopped in 0.6756 ms&#xD;
[11:58:20 DBG] Execution loop Worker:b41cdd96 stopped in 0.806 ms&#xD;
[11:58:20 DBG] Execution loop Worker:eaac75ea stopped in 0.8226 ms&#xD;
[11:58:20 DBG] Execution loop Worker:2fabf19f stopped in 0.8428 ms&#xD;
[11:58:20 DBG] Execution loop Worker:c3a666ca stopped in 0.8616 ms&#xD;
[11:58:20 DBG] Execution loop Worker:d5aa3fbb stopped in 0.8711 ms&#xD;
[11:58:20 DBG] Execution loop Worker:ba6ab58a stopped in 0.9558 ms&#xD;
[11:58:20 DBG] Execution loop Worker:4663effa stopped in 0.982 ms&#xD;
[11:58:20 DBG] Execution loop Worker:74073489 stopped in 0.967 ms&#xD;
[11:58:20 DBG] Execution loop Worker:a3555d03 stopped in 0.961 ms&#xD;
[11:58:20 DBG] Execution loop Worker:40f0350f stopped in 1.0153 ms&#xD;
[11:58:20 DBG] Execution loop ExpirationManager:7a1ae013 stopped in 25.1192 ms&#xD;
</StdOut>
    </Output>
  </ResultSummary>
</TestRun>